<?xml version="1.0" encoding="UTF-8"?>
<coverage generated="1763589340123" clover="3.2.0">
  <project timestamp="1763589340124" name="All files">
    <metrics statements="492" coveredstatements="386" conditionals="237" coveredconditionals="171" methods="93" coveredmethods="70" elements="822" coveredelements="627" complexity="0" loc="492" ncloc="492" packages="6" files="21" classes="21"/>
    <package name="config">
      <metrics statements="14" coveredstatements="4" conditionals="2" coveredconditionals="2" methods="5" coveredmethods="0"/>
      <file name="logger.js" path="C:\engSoftware\TP1_V4\biblioteca-digital\biblioteca-digital-backend\src\config\logger.js">
        <metrics statements="2" coveredstatements="2" conditionals="2" coveredconditionals="2" methods="0" coveredmethods="0"/>
        <line num="4" count="9" type="stmt"/>
        <line num="10" count="9" type="stmt"/>
      </file>
      <file name="mongo.js" path="C:\engSoftware\TP1_V4\biblioteca-digital\biblioteca-digital-backend\src\config\mongo.js">
        <metrics statements="12" coveredstatements="2" conditionals="0" coveredconditionals="0" methods="5" coveredmethods="0"/>
        <line num="6" count="9" type="stmt"/>
        <line num="9" count="0" type="stmt"/>
        <line num="11" count="0" type="stmt"/>
        <line num="18" count="0" type="stmt"/>
        <line num="19" count="0" type="stmt"/>
        <line num="22" count="0" type="stmt"/>
        <line num="25" count="0" type="stmt"/>
        <line num="28" count="0" type="stmt"/>
        <line num="31" count="0" type="stmt"/>
        <line num="34" count="0" type="stmt"/>
        <line num="35" count="0" type="stmt"/>
        <line num="42" count="9" type="stmt"/>
      </file>
    </package>
    <package name="errors">
      <metrics statements="11" coveredstatements="11" conditionals="1" coveredconditionals="1" methods="8" coveredmethods="8"/>
      <file name="baseErrors.js" path="C:\engSoftware\TP1_V4\biblioteca-digital\biblioteca-digital-backend\src\errors\baseErrors.js">
        <metrics statements="11" coveredstatements="11" conditionals="1" coveredconditionals="1" methods="8" coveredmethods="8"/>
        <line num="6" count="52" type="stmt"/>
        <line num="7" count="52" type="stmt"/>
        <line num="8" count="52" type="stmt"/>
        <line num="9" count="52" type="stmt"/>
        <line num="15" count="2" type="stmt"/>
        <line num="21" count="8" type="stmt"/>
        <line num="27" count="5" type="stmt"/>
        <line num="33" count="19" type="stmt"/>
        <line num="39" count="4" type="stmt"/>
        <line num="45" count="2" type="stmt"/>
        <line num="51" count="9" type="stmt"/>
      </file>
    </package>
    <package name="models">
      <metrics statements="24" coveredstatements="19" conditionals="0" coveredconditionals="0" methods="4" coveredmethods="1"/>
      <file name="ArticleModel.js" path="C:\engSoftware\TP1_V4\biblioteca-digital\biblioteca-digital-backend\src\models\ArticleModel.js">
        <metrics statements="2" coveredstatements="2" conditionals="0" coveredconditionals="0" methods="0" coveredmethods="0"/>
        <line num="6" count="7" type="stmt"/>
        <line num="49" count="7" type="stmt"/>
      </file>
      <file name="EditionsModel.js" path="C:\engSoftware\TP1_V4\biblioteca-digital\biblioteca-digital-backend\src\models\EditionsModel.js">
        <metrics statements="6" coveredstatements="4" conditionals="0" coveredconditionals="0" methods="1" coveredmethods="0"/>
        <line num="10" count="6" type="stmt"/>
        <line num="33" count="6" type="stmt"/>
        <line num="35" count="6" type="stmt"/>
        <line num="39" count="0" type="stmt"/>
        <line num="40" count="0" type="stmt"/>
        <line num="43" count="6" type="stmt"/>
      </file>
      <file name="EmailNotificationModel.js" path="C:\engSoftware\TP1_V4\biblioteca-digital\biblioteca-digital-backend\src\models\EmailNotificationModel.js">
        <metrics statements="2" coveredstatements="2" conditionals="0" coveredconditionals="0" methods="0" coveredmethods="0"/>
        <line num="4" count="1" type="stmt"/>
        <line num="27" count="1" type="stmt"/>
      </file>
      <file name="EventsModel.js" path="C:\engSoftware\TP1_V4\biblioteca-digital\biblioteca-digital-backend\src\models\EventsModel.js">
        <metrics statements="5" coveredstatements="3" conditionals="0" coveredconditionals="0" methods="1" coveredmethods="0"/>
        <line num="6" count="4" type="stmt"/>
        <line num="30" count="4" type="stmt"/>
        <line num="34" count="0" type="stmt"/>
        <line num="35" count="0" type="stmt"/>
        <line num="38" count="4" type="stmt"/>
      </file>
      <file name="UserModel.js" path="C:\engSoftware\TP1_V4\biblioteca-digital\biblioteca-digital-backend\src\models\UserModel.js">
        <metrics statements="4" coveredstatements="3" conditionals="0" coveredconditionals="0" methods="1" coveredmethods="0"/>
        <line num="6" count="2" type="stmt"/>
        <line num="42" count="2" type="stmt"/>
        <line num="46" count="0" type="stmt"/>
        <line num="52" count="2" type="stmt"/>
      </file>
      <file name="UserSessionTokenModel.js" path="C:\engSoftware\TP1_V4\biblioteca-digital\biblioteca-digital-backend\src\models\UserSessionTokenModel.js">
        <metrics statements="5" coveredstatements="5" conditionals="0" coveredconditionals="0" methods="1" coveredmethods="1"/>
        <line num="6" count="1" type="stmt"/>
        <line num="28" count="1" type="stmt"/>
        <line num="29" count="11" type="stmt"/>
        <line num="32" count="11" type="stmt"/>
        <line num="35" count="1" type="stmt"/>
      </file>
    </package>
    <package name="services">
      <metrics statements="365" coveredstatements="280" conditionals="212" coveredconditionals="152" methods="56" coveredmethods="41"/>
      <file name="ArticleService.js" path="C:\engSoftware\TP1_V4\biblioteca-digital\biblioteca-digital-backend\src\services\ArticleService.js">
        <metrics statements="67" coveredstatements="51" conditionals="33" coveredconditionals="19" methods="12" coveredmethods="8"/>
        <line num="11" count="2" type="stmt"/>
        <line num="23" count="3" type="stmt"/>
        <line num="32" count="3" type="cond" truecount="2" falsecount="0"/>
        <line num="33" count="1" type="stmt"/>
        <line num="37" count="8" type="stmt"/>
        <line num="40" count="6" type="stmt"/>
        <line num="51" count="6" type="cond" truecount="4" falsecount="0"/>
        <line num="52" count="2" type="stmt"/>
        <line num="53" count="2" type="stmt"/>
        <line num="55" count="2" type="stmt"/>
        <line num="61" count="2" type="stmt"/>
        <line num="62" count="0" type="stmt"/>
        <line num="63" count="0" type="stmt"/>
        <line num="71" count="0" type="stmt"/>
        <line num="73" count="0" type="stmt"/>
        <line num="78" count="0" type="stmt"/>
        <line num="83" count="6" type="stmt"/>
        <line num="87" count="5" type="stmt"/>
        <line num="88" count="5" type="cond" truecount="2" falsecount="0"/>
        <line num="90" count="1" type="stmt"/>
        <line num="94" count="4" type="stmt"/>
        <line num="95" count="4" type="cond" truecount="2" falsecount="0"/>
        <line num="97" count="1" type="stmt"/>
        <line num="101" count="2" type="stmt"/>
        <line num="102" count="2" type="cond" truecount="1" falsecount="1"/>
        <line num="104" count="2" type="stmt"/>
        <line num="117" count="3" type="stmt"/>
        <line num="120" count="3" type="stmt"/>
        <line num="125" count="3" type="cond" truecount="2" falsecount="0"/>
        <line num="126" count="1" type="stmt"/>
        <line num="133" count="2" type="cond" truecount="1" falsecount="1"/>
        <line num="136" count="2" type="stmt"/>
        <line num="145" count="2" type="stmt"/>
        <line num="150" count="2" type="stmt"/>
        <line num="153" count="2" type="stmt"/>
        <line num="154" count="2" type="stmt"/>
        <line num="161" count="2" type="cond" truecount="1" falsecount="1"/>
        <line num="162" count="2" type="stmt"/>
        <line num="165" count="2" type="stmt"/>
        <line num="166" count="2" type="stmt"/>
        <line num="168" count="2" type="stmt"/>
        <line num="169" count="2" type="cond" truecount="1" falsecount="1"/>
        <line num="170" count="0" type="stmt"/>
        <line num="173" count="0" type="stmt"/>
        <line num="175" count="2" type="stmt"/>
        <line num="178" count="0" type="stmt"/>
        <line num="179" count="0" type="stmt"/>
        <line num="183" count="2" type="cond" truecount="1" falsecount="1"/>
        <line num="184" count="2" type="stmt"/>
        <line num="187" count="2" type="stmt"/>
        <line num="189" count="2" type="stmt"/>
        <line num="190" count="2" type="cond" truecount="1" falsecount="1"/>
        <line num="191" count="0" type="stmt"/>
        <line num="197" count="0" type="stmt"/>
        <line num="203" count="2" type="stmt"/>
        <line num="208" count="0" type="stmt"/>
        <line num="209" count="0" type="stmt"/>
        <line num="213" count="2" type="stmt"/>
        <line num="214" count="2" type="stmt"/>
        <line num="215" count="2" type="stmt"/>
        <line num="217" count="2" type="stmt"/>
        <line num="218" count="2" type="stmt"/>
        <line num="221" count="2" type="stmt"/>
        <line num="222" count="0" type="cond" truecount="0" falsecount="2"/>
        <line num="223" count="0" type="cond" truecount="0" falsecount="2"/>
        <line num="224" count="0" type="stmt"/>
        <line num="227" count="2" type="stmt"/>
      </file>
      <file name="BulkArticleService.js" path="C:\engSoftware\TP1_V4\biblioteca-digital\biblioteca-digital-backend\src\services\BulkArticleService.js">
        <metrics statements="179" coveredstatements="119" conditionals="108" coveredconditionals="77" methods="21" coveredmethods="12"/>
        <line num="10" count="1" type="stmt"/>
        <line num="12" count="1" type="stmt"/>
        <line num="13" count="1" type="stmt"/>
        <line num="17" count="160" type="stmt"/>
        <line num="18" count="160" type="stmt"/>
        <line num="19" count="160" type="stmt"/>
        <line num="24" count="35" type="stmt"/>
        <line num="25" count="35" type="stmt"/>
        <line num="28" count="35" type="stmt"/>
        <line num="31" count="35" type="stmt"/>
        <line num="32" count="21" type="stmt"/>
        <line num="34" count="21" type="stmt"/>
        <line num="36" count="21" type="stmt"/>
        <line num="43" count="21" type="stmt"/>
        <line num="45" count="21" type="stmt"/>
        <line num="46" count="81" type="stmt"/>
        <line num="47" count="81" type="stmt"/>
        <line num="48" count="81" type="cond" truecount="4" falsecount="1"/>
        <line num="50" count="81" type="cond" truecount="1" falsecount="1"/>
        <line num="51" count="81" type="stmt"/>
        <line num="52" count="81" type="stmt"/>
        <line num="56" count="21" type="stmt"/>
        <line num="59" count="35" type="stmt"/>
        <line num="60" count="35" type="stmt"/>
        <line num="65" count="17" type="stmt"/>
        <line num="74" count="17" type="stmt"/>
        <line num="76" count="17" type="stmt"/>
        <line num="79" count="15" type="stmt"/>
        <line num="80" count="15" type="stmt"/>
        <line num="82" count="15" type="stmt"/>
        <line num="83" count="15" type="stmt"/>
        <line num="87" count="15" type="cond" truecount="1" falsecount="1"/>
        <line num="90" count="15" type="stmt"/>
        <line num="92" count="15" type="stmt"/>
        <line num="94" count="16" type="stmt"/>
        <line num="95" count="16" type="stmt"/>
        <line num="97" count="16" type="cond" truecount="1" falsecount="1"/>
        <line num="98" count="0" type="stmt"/>
        <line num="99" count="0" type="stmt"/>
        <line num="105" count="16" type="stmt"/>
        <line num="106" count="16" type="stmt"/>
        <line num="113" count="0" type="stmt"/>
        <line num="114" count="0" type="stmt"/>
        <line num="123" count="15" type="stmt"/>
        <line num="125" count="15" type="stmt"/>
        <line num="128" count="2" type="stmt"/>
        <line num="129" count="2" type="stmt"/>
        <line num="135" count="0" type="stmt"/>
        <line num="136" count="0" type="stmt"/>
        <line num="137" count="0" type="stmt"/>
        <line num="140" count="0" type="stmt"/>
        <line num="141" count="0" type="cond" truecount="0" falsecount="2"/>
        <line num="142" count="0" type="stmt"/>
        <line num="145" count="0" type="stmt"/>
        <line num="146" count="0" type="cond" truecount="0" falsecount="2"/>
        <line num="147" count="0" type="stmt"/>
        <line num="148" count="0" type="stmt"/>
        <line num="151" count="0" type="stmt"/>
        <line num="153" count="0" type="stmt"/>
        <line num="157" count="0" type="stmt"/>
        <line num="162" count="99" type="stmt"/>
        <line num="165" count="99" type="cond" truecount="4" falsecount="0"/>
        <line num="166" count="45" type="stmt"/>
        <line num="173" count="54" type="cond" truecount="5" falsecount="0"/>
        <line num="174" count="9" type="stmt"/>
        <line num="181" count="45" type="cond" truecount="5" falsecount="0"/>
        <line num="182" count="6" type="stmt"/>
        <line num="188" count="39" type="stmt"/>
        <line num="189" count="39" type="stmt"/>
        <line num="192" count="39" type="stmt"/>
        <line num="193" count="234" type="cond" truecount="5" falsecount="0"/>
        <line num="194" count="7" type="stmt"/>
        <line num="198" count="39" type="cond" truecount="2" falsecount="0"/>
        <line num="199" count="7" type="stmt"/>
        <line num="206" count="32" type="stmt"/>
        <line num="208" count="32" type="stmt"/>
        <line num="210" count="32" type="stmt"/>
        <line num="211" count="32" type="stmt"/>
        <line num="212" count="32" type="cond" truecount="2" falsecount="0"/>
        <line num="213" count="32" type="stmt"/>
        <line num="214" count="32" type="stmt"/>
        <line num="215" count="32" type="stmt"/>
        <line num="218" count="32" type="cond" truecount="4" falsecount="0"/>
        <line num="219" count="2" type="stmt"/>
        <line num="225" count="30" type="cond" truecount="4" falsecount="0"/>
        <line num="226" count="1" type="stmt"/>
        <line num="233" count="29" type="stmt"/>
        <line num="234" count="29" type="stmt"/>
        <line num="235" count="202" type="stmt"/>
        <line num="238" count="29" type="cond" truecount="2" falsecount="0"/>
        <line num="239" count="4" type="stmt"/>
        <line num="245" count="25" type="cond" truecount="3" falsecount="1"/>
        <line num="246" count="0" type="stmt"/>
        <line num="253" count="25" type="cond" truecount="5" falsecount="0"/>
        <line num="254" count="2" type="stmt"/>
        <line num="261" count="23" type="stmt"/>
        <line num="262" count="23" type="stmt"/>
        <line num="264" count="23" type="cond" truecount="5" falsecount="0"/>
        <line num="265" count="3" type="stmt"/>
        <line num="272" count="20" type="stmt"/>
        <line num="279" count="20" type="cond" truecount="2" falsecount="0"/>
        <line num="280" count="14" type="stmt"/>
        <line num="287" count="6" type="stmt"/>
        <line num="293" count="6" type="cond" truecount="2" falsecount="0"/>
        <line num="294" count="1" type="stmt"/>
        <line num="301" count="5" type="stmt"/>
        <line num="306" count="5" type="cond" truecount="2" falsecount="0"/>
        <line num="307" count="1" type="stmt"/>
        <line num="314" count="4" type="stmt"/>
        <line num="315" count="4" type="stmt"/>
        <line num="317" count="4" type="cond" truecount="2" falsecount="2"/>
        <line num="318" count="0" type="stmt"/>
        <line num="322" count="4" type="stmt"/>
        <line num="332" count="4" type="stmt"/>
        <line num="333" count="4" type="stmt"/>
        <line num="334" count="4" type="stmt"/>
        <line num="336" count="4" type="stmt"/>
        <line num="343" count="0" type="stmt"/>
        <line num="352" count="0" type="stmt"/>
        <line num="353" count="0" type="stmt"/>
        <line num="354" count="0" type="stmt"/>
        <line num="357" count="0" type="cond" truecount="0" falsecount="2"/>
        <line num="358" count="0" type="stmt"/>
        <line num="362" count="0" type="stmt"/>
        <line num="364" count="0" type="stmt"/>
        <line num="368" count="177" type="cond" truecount="2" falsecount="0"/>
        <line num="370" count="176" type="stmt"/>
        <line num="380" count="51" type="cond" truecount="2" falsecount="0"/>
        <line num="382" count="49" type="stmt"/>
        <line num="384" count="62" type="stmt"/>
        <line num="385" count="62" type="stmt"/>
        <line num="389" count="63" type="cond" truecount="2" falsecount="0"/>
        <line num="391" count="60" type="stmt"/>
        <line num="394" count="60" type="stmt"/>
        <line num="396" count="60" type="cond" truecount="2" falsecount="0"/>
        <line num="397" count="55" type="stmt"/>
        <line num="401" count="55" type="stmt"/>
        <line num="402" count="55" type="stmt"/>
        <line num="406" count="5" type="stmt"/>
        <line num="407" count="5" type="stmt"/>
        <line num="411" count="0" type="cond" truecount="0" falsecount="2"/>
        <line num="413" count="0" type="stmt"/>
        <line num="416" count="0" type="stmt"/>
        <line num="425" count="0" type="stmt"/>
        <line num="432" count="0" type="stmt"/>
        <line num="436" count="0" type="stmt"/>
        <line num="437" count="0" type="stmt"/>
        <line num="439" count="0" type="stmt"/>
        <line num="442" count="0" type="stmt"/>
        <line num="443" count="0" type="stmt"/>
        <line num="445" count="0" type="stmt"/>
        <line num="446" count="0" type="cond" truecount="0" falsecount="2"/>
        <line num="447" count="0" type="stmt"/>
        <line num="449" count="0" type="stmt"/>
        <line num="453" count="0" type="stmt"/>
        <line num="454" count="0" type="stmt"/>
        <line num="457" count="0" type="stmt"/>
        <line num="460" count="0" type="stmt"/>
        <line num="463" count="0" type="stmt"/>
        <line num="464" count="0" type="stmt"/>
        <line num="467" count="0" type="cond" truecount="0" falsecount="2"/>
        <line num="468" count="0" type="stmt"/>
        <line num="472" count="0" type="stmt"/>
        <line num="473" count="0" type="stmt"/>
        <line num="476" count="0" type="cond" truecount="0" falsecount="2"/>
        <line num="477" count="0" type="stmt"/>
        <line num="479" count="0" type="stmt"/>
        <line num="485" count="15" type="cond" truecount="1" falsecount="1"/>
        <line num="486" count="15" type="stmt"/>
        <line num="490" count="15" type="cond" truecount="2" falsecount="2"/>
        <line num="491" count="0" type="stmt"/>
        <line num="495" count="15" type="stmt"/>
        <line num="496" count="0" type="cond" truecount="0" falsecount="2"/>
        <line num="497" count="0" type="stmt"/>
        <line num="502" count="15" type="stmt"/>
        <line num="503" count="15" type="cond" truecount="1" falsecount="1"/>
        <line num="504" count="0" type="stmt"/>
        <line num="505" count="0" type="cond" truecount="0" falsecount="2"/>
        <line num="506" count="0" type="stmt"/>
      </file>
      <file name="EditionsService.js" path="C:\engSoftware\TP1_V4\biblioteca-digital\biblioteca-digital-backend\src\services\EditionsService.js">
        <metrics statements="32" coveredstatements="32" conditionals="23" coveredconditionals="18" methods="7" coveredmethods="7"/>
        <line num="8" count="1" type="stmt"/>
        <line num="15" count="2" type="stmt"/>
        <line num="19" count="2" type="cond" truecount="2" falsecount="0"/>
        <line num="20" count="1" type="stmt"/>
        <line num="25" count="2" type="stmt"/>
        <line num="30" count="2" type="cond" truecount="2" falsecount="0"/>
        <line num="31" count="1" type="stmt"/>
        <line num="34" count="1" type="stmt"/>
        <line num="38" count="3" type="stmt"/>
        <line num="39" count="3" type="cond" truecount="2" falsecount="0"/>
        <line num="42" count="2" type="cond" truecount="4" falsecount="0"/>
        <line num="43" count="1" type="cond" truecount="1" falsecount="1"/>
        <line num="44" count="1" type="cond" truecount="1" falsecount="1"/>
        <line num="46" count="1" type="stmt"/>
        <line num="52" count="1" type="cond" truecount="1" falsecount="1"/>
        <line num="53" count="1" type="stmt"/>
        <line num="57" count="1" type="stmt"/>
        <line num="61" count="2" type="stmt"/>
        <line num="62" count="2" type="cond" truecount="2" falsecount="0"/>
        <line num="65" count="1" type="stmt"/>
        <line num="66" count="1" type="stmt"/>
        <line num="69" count="1" type="stmt"/>
        <line num="70" count="1" type="stmt"/>
        <line num="74" count="1" type="stmt"/>
        <line num="75" count="1" type="cond" truecount="1" falsecount="1"/>
        <line num="77" count="1" type="stmt"/>
        <line num="85" count="2" type="cond" truecount="2" falsecount="0"/>
        <line num="86" count="1" type="stmt"/>
        <line num="92" count="1" type="stmt"/>
        <line num="93" count="1" type="stmt"/>
        <line num="117" count="1" type="stmt"/>
        <line num="118" count="1" type="stmt"/>
      </file>
      <file name="EventsService.js" path="C:\engSoftware\TP1_V4\biblioteca-digital\biblioteca-digital-backend\src\services\EventsService.js">
        <metrics statements="29" coveredstatements="21" conditionals="12" coveredconditionals="6" methods="8" coveredmethods="6"/>
        <line num="17" count="1" type="stmt"/>
        <line num="39" count="2" type="stmt"/>
        <line num="40" count="2" type="cond" truecount="2" falsecount="0"/>
        <line num="41" count="1" type="stmt"/>
        <line num="45" count="1" type="stmt"/>
        <line num="46" count="1" type="stmt"/>
        <line num="50" count="2" type="stmt"/>
        <line num="51" count="2" type="cond" truecount="2" falsecount="0"/>
        <line num="53" count="1" type="stmt"/>
        <line num="57" count="1" type="stmt"/>
        <line num="58" count="1" type="cond" truecount="1" falsecount="1"/>
        <line num="61" count="1" type="stmt"/>
        <line num="62" count="2" type="stmt"/>
        <line num="64" count="1" type="stmt"/>
        <line num="67" count="1" type="cond" truecount="1" falsecount="1"/>
        <line num="68" count="1" type="stmt"/>
        <line num="69" count="1" type="stmt"/>
        <line num="73" count="1" type="stmt"/>
        <line num="74" count="1" type="stmt"/>
        <line num="77" count="1" type="stmt"/>
        <line num="78" count="1" type="stmt"/>
        <line num="82" count="0" type="stmt"/>
        <line num="83" count="0" type="cond" truecount="0" falsecount="2"/>
        <line num="85" count="0" type="stmt"/>
        <line num="89" count="0" type="stmt"/>
        <line num="90" count="0" type="cond" truecount="0" falsecount="2"/>
        <line num="91" count="0" type="stmt"/>
        <line num="92" count="0" type="stmt"/>
        <line num="94" count="0" type="stmt"/>
      </file>
      <file name="SessionService.js" path="C:\engSoftware\TP1_V4\biblioteca-digital\biblioteca-digital-backend\src\services\SessionService.js">
        <metrics statements="35" coveredstatements="34" conditionals="20" coveredconditionals="18" methods="3" coveredmethods="3"/>
        <line num="9" count="5" type="stmt"/>
        <line num="14" count="5" type="cond" truecount="2" falsecount="0"/>
        <line num="18" count="4" type="stmt"/>
        <line num="20" count="4" type="cond" truecount="2" falsecount="0"/>
        <line num="23" count="3" type="cond" truecount="2" falsecount="0"/>
        <line num="24" count="1" type="stmt"/>
        <line num="29" count="1" type="cond" truecount="1" falsecount="1"/>
        <line num="30" count="1" type="stmt"/>
        <line num="35" count="3" type="stmt"/>
        <line num="38" count="3" type="stmt"/>
        <line num="41" count="3" type="stmt"/>
        <line num="42" count="3" type="stmt"/>
        <line num="47" count="3" type="stmt"/>
        <line num="51" count="7" type="stmt"/>
        <line num="53" count="7" type="cond" truecount="2" falsecount="0"/>
        <line num="55" count="4" type="stmt"/>
        <line num="56" count="4" type="stmt"/>
        <line num="58" count="4" type="stmt"/>
        <line num="59" count="4" type="stmt"/>
        <line num="61" count="4" type="cond" truecount="2" falsecount="0"/>
        <line num="62" count="1" type="stmt"/>
        <line num="66" count="1" type="cond" truecount="1" falsecount="1"/>
        <line num="67" count="0" type="stmt"/>
        <line num="69" count="1" type="stmt"/>
        <line num="73" count="3" type="cond" truecount="4" falsecount="0"/>
        <line num="74" count="1" type="stmt"/>
        <line num="77" count="2" type="stmt"/>
        <line num="78" count="2" type="cond" truecount="2" falsecount="0"/>
        <line num="81" count="1" type="stmt"/>
        <line num="88" count="1" type="stmt"/>
        <line num="91" count="1" type="stmt"/>
        <line num="94" count="1" type="stmt"/>
        <line num="95" count="1" type="stmt"/>
        <line num="101" count="1" type="stmt"/>
        <line num="105" count="3" type="stmt"/>
      </file>
      <file name="UserService.js" path="C:\engSoftware\TP1_V4\biblioteca-digital\biblioteca-digital-backend\src\services\UserService.js">
        <metrics statements="23" coveredstatements="23" conditionals="16" coveredconditionals="14" methods="5" coveredmethods="5"/>
        <line num="5" count="1" type="stmt"/>
        <line num="9" count="2" type="stmt"/>
        <line num="10" count="2" type="cond" truecount="2" falsecount="0"/>
        <line num="12" count="1" type="stmt"/>
        <line num="19" count="3" type="stmt"/>
        <line num="20" count="3" type="cond" truecount="2" falsecount="0"/>
        <line num="21" count="1" type="stmt"/>
        <line num="25" count="2" type="cond" truecount="4" falsecount="1"/>
        <line num="26" count="1" type="stmt"/>
        <line num="30" count="1" type="stmt"/>
        <line num="33" count="1" type="stmt"/>
        <line num="35" count="1" type="stmt"/>
        <line num="42" count="1" type="stmt"/>
        <line num="50" count="1" type="stmt"/>
        <line num="54" count="2" type="stmt"/>
        <line num="55" count="2" type="cond" truecount="2" falsecount="0"/>
        <line num="58" count="1" type="cond" truecount="1" falsecount="1"/>
        <line num="59" count="1" type="stmt"/>
        <line num="62" count="1" type="stmt"/>
        <line num="63" count="1" type="stmt"/>
        <line num="67" count="2" type="stmt"/>
        <line num="68" count="2" type="cond" truecount="2" falsecount="0"/>
        <line num="70" count="1" type="stmt"/>
      </file>
    </package>
    <package name="utils.general">
      <metrics statements="10" coveredstatements="10" conditionals="0" coveredconditionals="0" methods="2" coveredmethods="2"/>
      <file name="constants.js" path="C:\engSoftware\TP1_V4\biblioteca-digital\biblioteca-digital-backend\src\utils\general\constants.js">
        <metrics statements="5" coveredstatements="5" conditionals="0" coveredconditionals="0" methods="0" coveredmethods="0"/>
        <line num="2" count="11" type="stmt"/>
        <line num="9" count="11" type="stmt"/>
        <line num="17" count="11" type="stmt"/>
        <line num="27" count="11" type="stmt"/>
        <line num="33" count="11" type="stmt"/>
      </file>
      <file name="convertStringToRegexp.js" path="C:\engSoftware\TP1_V4\biblioteca-digital\biblioteca-digital-backend\src\utils\general\convertStringToRegexp.js">
        <metrics statements="3" coveredstatements="3" conditionals="0" coveredconditionals="0" methods="1" coveredmethods="1"/>
        <line num="2" count="4" type="stmt"/>
        <line num="8" count="4" type="stmt"/>
        <line num="18" count="4" type="stmt"/>
      </file>
      <file name="formatExpiresAt.js" path="C:\engSoftware\TP1_V4\biblioteca-digital\biblioteca-digital-backend\src\utils\general\formatExpiresAt.js">
        <metrics statements="2" coveredstatements="2" conditionals="0" coveredconditionals="0" methods="1" coveredmethods="1"/>
        <line num="2" count="4" type="stmt"/>
        <line num="3" count="4" type="stmt"/>
      </file>
    </package>
    <package name="utils.libs">
      <metrics statements="68" coveredstatements="62" conditionals="22" coveredconditionals="16" methods="18" coveredmethods="18"/>
      <file name="bcrypt.js" path="C:\engSoftware\TP1_V4\biblioteca-digital\biblioteca-digital-backend\src\utils\libs\bcrypt.js">
        <metrics statements="8" coveredstatements="8" conditionals="0" coveredconditionals="0" methods="2" coveredmethods="2"/>
        <line num="4" count="11" type="stmt"/>
        <line num="6" count="11" type="stmt"/>
        <line num="11" count="11" type="stmt"/>
        <line num="12" count="11" type="stmt"/>
        <line num="14" count="11" type="stmt"/>
        <line num="18" count="11" type="stmt"/>
        <line num="22" count="4" type="stmt"/>
        <line num="29" count="4" type="stmt"/>
      </file>
      <file name="emailService.js" path="C:\engSoftware\TP1_V4\biblioteca-digital\biblioteca-digital-backend\src\utils\libs\emailService.js">
        <metrics statements="37" coveredstatements="31" conditionals="14" coveredconditionals="8" methods="1" coveredmethods="1"/>
        <line num="10" count="3" type="stmt"/>
        <line num="12" count="3" type="stmt"/>
        <line num="16" count="3" type="cond" truecount="2" falsecount="2"/>
        <line num="17" count="0" type="stmt"/>
        <line num="18" count="0" type="stmt"/>
        <line num="20" count="0" type="stmt"/>
        <line num="28" count="0" type="stmt"/>
        <line num="31" count="3" type="stmt"/>
        <line num="32" count="3" type="stmt"/>
        <line num="33" count="3" type="stmt"/>
        <line num="35" count="3" type="stmt"/>
        <line num="45" count="3" type="stmt"/>
        <line num="48" count="3" type="stmt"/>
        <line num="113" count="3" type="cond" truecount="1" falsecount="1"/>
        <line num="115" count="3" type="cond" truecount="1" falsecount="1"/>
        <line num="116" count="3" type="stmt"/>
        <line num="117" count="3" type="stmt"/>
        <line num="118" count="3" type="cond" truecount="1" falsecount="1"/>
        <line num="120" count="3" type="stmt"/>
        <line num="122" count="2" type="stmt"/>
        <line num="123" count="2" type="stmt"/>
        <line num="125" count="2" type="cond" truecount="1" falsecount="1"/>
        <line num="126" count="0" type="stmt"/>
        <line num="127" count="0" type="stmt"/>
        <line num="129" count="2" type="stmt"/>
        <line num="130" count="2" type="stmt"/>
        <line num="133" count="2" type="stmt"/>
        <line num="140" count="1" type="stmt"/>
        <line num="141" count="1" type="stmt"/>
        <line num="144" count="1" type="stmt"/>
        <line num="145" count="1" type="stmt"/>
        <line num="146" count="1" type="stmt"/>
        <line num="147" count="1" type="stmt"/>
        <line num="148" count="1" type="stmt"/>
        <line num="149" count="1" type="stmt"/>
        <line num="150" count="1" type="stmt"/>
        <line num="152" count="1" type="stmt"/>
      </file>
      <file name="jwt.js" path="C:\engSoftware\TP1_V4\biblioteca-digital\biblioteca-digital-backend\src\utils\libs\jwt.js">
        <metrics statements="23" coveredstatements="23" conditionals="8" coveredconditionals="8" methods="15" coveredmethods="15"/>
        <line num="4" count="16" type="stmt"/>
        <line num="11" count="16" type="stmt"/>
        <line num="17" count="16" type="stmt"/>
        <line num="20" count="7" type="stmt"/>
        <line num="27" count="7" type="stmt"/>
        <line num="30" count="6" type="stmt"/>
        <line num="37" count="6" type="stmt"/>
        <line num="41" count="11" type="stmt"/>
        <line num="42" count="11" type="stmt"/>
        <line num="43" count="11" type="cond" truecount="2" falsecount="0"/>
        <line num="44" count="7" type="stmt"/>
        <line num="49" count="6" type="stmt"/>
        <line num="50" count="6" type="stmt"/>
        <line num="51" count="6" type="cond" truecount="2" falsecount="0"/>
        <line num="52" count="2" type="stmt"/>
        <line num="57" count="5" type="stmt"/>
        <line num="58" count="5" type="stmt"/>
        <line num="59" count="5" type="cond" truecount="2" falsecount="0"/>
        <line num="60" count="2" type="stmt"/>
        <line num="65" count="8" type="stmt"/>
        <line num="66" count="8" type="stmt"/>
        <line num="67" count="8" type="cond" truecount="2" falsecount="0"/>
        <line num="68" count="4" type="stmt"/>
      </file>
    </package>
  </project>
</coverage>
