{"C:\\engSoftware\\TP1_V4\\biblioteca-digital\\biblioteca-digital-backend\\src\\config\\logger.js": {"path":"C:\\engSoftware\\TP1_V4\\biblioteca-digital\\biblioteca-digital-backend\\src\\config\\logger.js","statementMap":{"0":{"start":{"line":4,"column":15},"end":{"line":8,"column":2}},"1":{"start":{"line":10,"column":15},"end":{"line":16,"column":1}}},"fnMap":{},"branchMap":{"0":{"loc":{"start":{"line":13,"column":11},"end":{"line":13,"column":47}},"type":"binary-expr","locations":[{"start":{"line":13,"column":11},"end":{"line":13,"column":37}},{"start":{"line":13,"column":41},"end":{"line":13,"column":47}}],"line":13}},"s":{"0":9,"1":9},"f":{},"b":{"0":[9,9]},"inputSourceMap":null,"_coverageSchema":"1a1c01bbd47fc00a2c39e90264f33305004495a9","hash":"1f3564f1b01ce62de99d930c0ac05a77270bb8e5"}
,"C:\\engSoftware\\TP1_V4\\biblioteca-digital\\biblioteca-digital-backend\\src\\config\\mongo.js": {"path":"C:\\engSoftware\\TP1_V4\\biblioteca-digital\\biblioteca-digital-backend\\src\\config\\mongo.js","statementMap":{"0":{"start":{"line":6,"column":0},"end":{"line":6,"column":34}},"1":{"start":{"line":9,"column":2},"end":{"line":39,"column":5}},"2":{"start":{"line":11,"column":6},"end":{"line":16,"column":47}},"3":{"start":{"line":18,"column":4},"end":{"line":18,"column":38}},"4":{"start":{"line":19,"column":4},"end":{"line":32,"column":9}},"5":{"start":{"line":22,"column":8},"end":{"line":24,"column":10}},"6":{"start":{"line":25,"column":8},"end":{"line":25,"column":26}},"7":{"start":{"line":28,"column":22},"end":{"line":30,"column":9}},"8":{"start":{"line":31,"column":8},"end":{"line":31,"column":22}},"9":{"start":{"line":34,"column":4},"end":{"line":38,"column":7}},"10":{"start":{"line":35,"column":6},"end":{"line":37,"column":8}},"11":{"start":{"line":42,"column":28},"end":{"line":42,"column":42}}},"fnMap":{"0":{"name":"mongoConfig","decl":{"start":{"line":8,"column":24},"end":{"line":8,"column":35}},"loc":{"start":{"line":8,"column":38},"end":{"line":40,"column":1}},"line":8},"1":{"name":"(anonymous_1)","decl":{"start":{"line":9,"column":21},"end":{"line":9,"column":22}},"loc":{"start":{"line":9,"column":42},"end":{"line":39,"column":3}},"line":9},"2":{"name":"(anonymous_2)","decl":{"start":{"line":21,"column":12},"end":{"line":21,"column":13}},"loc":{"start":{"line":21,"column":18},"end":{"line":26,"column":7}},"line":21},"3":{"name":"(anonymous_3)","decl":{"start":{"line":27,"column":13},"end":{"line":27,"column":14}},"loc":{"start":{"line":27,"column":22},"end":{"line":32,"column":7}},"line":27},"4":{"name":"(anonymous_4)","decl":{"start":{"line":34,"column":36},"end":{"line":34,"column":37}},"loc":{"start":{"line":34,"column":45},"end":{"line":38,"column":5}},"line":34}},"branchMap":{},"s":{"0":9,"1":0,"2":0,"3":0,"4":0,"5":0,"6":0,"7":0,"8":0,"9":0,"10":0,"11":9},"f":{"0":0,"1":0,"2":0,"3":0,"4":0},"b":{},"inputSourceMap":null,"_coverageSchema":"1a1c01bbd47fc00a2c39e90264f33305004495a9","hash":"4fe08b2933c981fb881ccf00f2b0af0b133f0899"}
,"C:\\engSoftware\\TP1_V4\\biblioteca-digital\\biblioteca-digital-backend\\src\\errors\\baseErrors.js": {"path":"C:\\engSoftware\\TP1_V4\\biblioteca-digital\\biblioteca-digital-backend\\src\\errors\\baseErrors.js","statementMap":{"0":{"start":{"line":6,"column":4},"end":{"line":6,"column":19}},"1":{"start":{"line":7,"column":4},"end":{"line":7,"column":21}},"2":{"start":{"line":8,"column":4},"end":{"line":8,"column":29}},"3":{"start":{"line":9,"column":4},"end":{"line":9,"column":39}},"4":{"start":{"line":15,"column":4},"end":{"line":15,"column":78}},"5":{"start":{"line":21,"column":4},"end":{"line":21,"column":77}},"6":{"start":{"line":27,"column":4},"end":{"line":27,"column":71}},"7":{"start":{"line":33,"column":4},"end":{"line":33,"column":71}},"8":{"start":{"line":39,"column":4},"end":{"line":39,"column":77}},"9":{"start":{"line":45,"column":4},"end":{"line":45,"column":75}},"10":{"start":{"line":51,"column":4},"end":{"line":56,"column":6}}},"fnMap":{"0":{"name":"(anonymous_0)","decl":{"start":{"line":5,"column":2},"end":{"line":5,"column":3}},"loc":{"start":{"line":5,"column":54},"end":{"line":10,"column":3}},"line":5},"1":{"name":"(anonymous_1)","decl":{"start":{"line":14,"column":2},"end":{"line":14,"column":3}},"loc":{"start":{"line":14,"column":23},"end":{"line":16,"column":3}},"line":14},"2":{"name":"(anonymous_2)","decl":{"start":{"line":20,"column":2},"end":{"line":20,"column":3}},"loc":{"start":{"line":20,"column":23},"end":{"line":22,"column":3}},"line":20},"3":{"name":"(anonymous_3)","decl":{"start":{"line":26,"column":2},"end":{"line":26,"column":3}},"loc":{"start":{"line":26,"column":23},"end":{"line":28,"column":3}},"line":26},"4":{"name":"(anonymous_4)","decl":{"start":{"line":32,"column":2},"end":{"line":32,"column":3}},"loc":{"start":{"line":32,"column":23},"end":{"line":34,"column":3}},"line":32},"5":{"name":"(anonymous_5)","decl":{"start":{"line":38,"column":2},"end":{"line":38,"column":3}},"loc":{"start":{"line":38,"column":23},"end":{"line":40,"column":3}},"line":38},"6":{"name":"(anonymous_6)","decl":{"start":{"line":44,"column":2},"end":{"line":44,"column":3}},"loc":{"start":{"line":44,"column":23},"end":{"line":46,"column":3}},"line":44},"7":{"name":"(anonymous_7)","decl":{"start":{"line":50,"column":2},"end":{"line":50,"column":3}},"loc":{"start":{"line":50,"column":48},"end":{"line":57,"column":3}},"line":50}},"branchMap":{"0":{"loc":{"start":{"line":50,"column":14},"end":{"line":50,"column":46}},"type":"default-arg","locations":[{"start":{"line":50,"column":24},"end":{"line":50,"column":46}}],"line":50}},"s":{"0":52,"1":52,"2":52,"3":52,"4":2,"5":8,"6":5,"7":19,"8":4,"9":2,"10":9},"f":{"0":52,"1":2,"2":8,"3":5,"4":19,"5":4,"6":2,"7":9},"b":{"0":[1]},"inputSourceMap":null,"_coverageSchema":"1a1c01bbd47fc00a2c39e90264f33305004495a9","hash":"f98bd35be95c166aa3070002a56002b29f3f8b00"}
,"C:\\engSoftware\\TP1_V4\\biblioteca-digital\\biblioteca-digital-backend\\src\\models\\ArticleModel.js": {"path":"C:\\engSoftware\\TP1_V4\\biblioteca-digital\\biblioteca-digital-backend\\src\\models\\ArticleModel.js","statementMap":{"0":{"start":{"line":6,"column":22},"end":{"line":47,"column":1}},"1":{"start":{"line":49,"column":21},"end":{"line":49,"column":76}}},"fnMap":{},"branchMap":{},"s":{"0":7,"1":7},"f":{},"b":{},"inputSourceMap":null,"_coverageSchema":"1a1c01bbd47fc00a2c39e90264f33305004495a9","hash":"a284c316a16f53efd21ba2c0985eb804740e39ed"}
,"C:\\engSoftware\\TP1_V4\\biblioteca-digital\\biblioteca-digital-backend\\src\\models\\EditionsModel.js": {"path":"C:\\engSoftware\\TP1_V4\\biblioteca-digital\\biblioteca-digital-backend\\src\\models\\EditionsModel.js","statementMap":{"0":{"start":{"line":10,"column":23},"end":{"line":30,"column":1}},"1":{"start":{"line":33,"column":0},"end":{"line":33,"column":62}},"2":{"start":{"line":35,"column":0},"end":{"line":42,"column":2}},"3":{"start":{"line":39,"column":4},"end":{"line":39,"column":64}},"4":{"start":{"line":40,"column":4},"end":{"line":40,"column":11}},"5":{"start":{"line":43,"column":22},"end":{"line":43,"column":78}}},"fnMap":{"0":{"name":"(anonymous_0)","decl":{"start":{"line":38,"column":2},"end":{"line":38,"column":3}},"loc":{"start":{"line":38,"column":24},"end":{"line":41,"column":3}},"line":38}},"branchMap":{},"s":{"0":6,"1":6,"2":6,"3":0,"4":0,"5":6},"f":{"0":0},"b":{},"inputSourceMap":null,"_coverageSchema":"1a1c01bbd47fc00a2c39e90264f33305004495a9","hash":"50a0c8e8735b818cda2e8afd4e42b02fd8cc8585"}
,"C:\\engSoftware\\TP1_V4\\biblioteca-digital\\biblioteca-digital-backend\\src\\models\\EmailNotificationModel.js": {"path":"C:\\engSoftware\\TP1_V4\\biblioteca-digital\\biblioteca-digital-backend\\src\\models\\EmailNotificationModel.js","statementMap":{"0":{"start":{"line":4,"column":32},"end":{"line":24,"column":2}},"1":{"start":{"line":27,"column":0},"end":{"line":27,"column":71}}},"fnMap":{},"branchMap":{},"s":{"0":1,"1":1},"f":{},"b":{},"inputSourceMap":null,"_coverageSchema":"1a1c01bbd47fc00a2c39e90264f33305004495a9","hash":"31b4e1acca63ad8cdd957988db236bdd1f7ff3c8"}
,"C:\\engSoftware\\TP1_V4\\biblioteca-digital\\biblioteca-digital-backend\\src\\models\\EventsModel.js": {"path":"C:\\engSoftware\\TP1_V4\\biblioteca-digital\\biblioteca-digital-backend\\src\\models\\EventsModel.js","statementMap":{"0":{"start":{"line":6,"column":21},"end":{"line":27,"column":1}},"1":{"start":{"line":30,"column":0},"end":{"line":37,"column":2}},"2":{"start":{"line":34,"column":4},"end":{"line":34,"column":62}},"3":{"start":{"line":35,"column":4},"end":{"line":35,"column":11}},"4":{"start":{"line":38,"column":20},"end":{"line":38,"column":72}}},"fnMap":{"0":{"name":"(anonymous_0)","decl":{"start":{"line":33,"column":2},"end":{"line":33,"column":3}},"loc":{"start":{"line":33,"column":24},"end":{"line":36,"column":3}},"line":33}},"branchMap":{},"s":{"0":4,"1":4,"2":0,"3":0,"4":4},"f":{"0":0},"b":{},"inputSourceMap":null,"_coverageSchema":"1a1c01bbd47fc00a2c39e90264f33305004495a9","hash":"9bb61568118571bb8c658db501266e9d06f8eb30"}
,"C:\\engSoftware\\TP1_V4\\biblioteca-digital\\biblioteca-digital-backend\\src\\models\\UserModel.js": {"path":"C:\\engSoftware\\TP1_V4\\biblioteca-digital\\biblioteca-digital-backend\\src\\models\\UserModel.js","statementMap":{"0":{"start":{"line":6,"column":19},"end":{"line":38,"column":1}},"1":{"start":{"line":42,"column":0},"end":{"line":50,"column":2}},"2":{"start":{"line":46,"column":4},"end":{"line":48,"column":7}},"3":{"start":{"line":52,"column":18},"end":{"line":52,"column":67}}},"fnMap":{"0":{"name":"(anonymous_0)","decl":{"start":{"line":45,"column":2},"end":{"line":45,"column":3}},"loc":{"start":{"line":45,"column":20},"end":{"line":49,"column":3}},"line":45}},"branchMap":{},"s":{"0":2,"1":2,"2":0,"3":2},"f":{"0":0},"b":{},"inputSourceMap":null,"_coverageSchema":"1a1c01bbd47fc00a2c39e90264f33305004495a9","hash":"cbbc7f4ee72b743577fce7202f848a6a913460f1"}
,"C:\\engSoftware\\TP1_V4\\biblioteca-digital\\biblioteca-digital-backend\\src\\models\\UserSessionTokenModel.js": {"path":"C:\\engSoftware\\TP1_V4\\biblioteca-digital\\biblioteca-digital-backend\\src\\models\\UserSessionTokenModel.js","statementMap":{"0":{"start":{"line":6,"column":24},"end":{"line":25,"column":1}},"1":{"start":{"line":28,"column":0},"end":{"line":33,"column":3}},"2":{"start":{"line":29,"column":2},"end":{"line":31,"column":5}},"3":{"start":{"line":32,"column":2},"end":{"line":32,"column":9}},"4":{"start":{"line":35,"column":30},"end":{"line":38,"column":1}}},"fnMap":{"0":{"name":"(anonymous_0)","decl":{"start":{"line":28,"column":29},"end":{"line":28,"column":30}},"loc":{"start":{"line":28,"column":45},"end":{"line":33,"column":1}},"line":28}},"branchMap":{},"s":{"0":1,"1":1,"2":11,"3":11,"4":1},"f":{"0":11},"b":{},"inputSourceMap":null,"_coverageSchema":"1a1c01bbd47fc00a2c39e90264f33305004495a9","hash":"25928ce6e6fd8f25eea9abe0b84e268fffb5a0b0"}
,"C:\\engSoftware\\TP1_V4\\biblioteca-digital\\biblioteca-digital-backend\\src\\services\\ArticleService.js": {"path":"C:\\engSoftware\\TP1_V4\\biblioteca-digital\\biblioteca-digital-backend\\src\\services\\ArticleService.js","statementMap":{"0":{"start":{"line":11,"column":2},"end":{"line":19,"column":12}},"1":{"start":{"line":23,"column":23},"end":{"line":31,"column":11}},"2":{"start":{"line":32,"column":2},"end":{"line":32,"column":66}},"3":{"start":{"line":32,"column":21},"end":{"line":32,"column":66}},"4":{"start":{"line":33,"column":2},"end":{"line":33,"column":22}},"5":{"start":{"line":37,"column":21},"end":{"line":37,"column":57}},"6":{"start":{"line":40,"column":27},"end":{"line":48,"column":11}},"7":{"start":{"line":51,"column":2},"end":{"line":81,"column":3}},"8":{"start":{"line":52,"column":4},"end":{"line":80,"column":5}},"9":{"start":{"line":53,"column":6},"end":{"line":76,"column":7}},"10":{"start":{"line":55,"column":30},"end":{"line":58,"column":24}},"11":{"start":{"line":61,"column":8},"end":{"line":75,"column":9}},"12":{"start":{"line":62,"column":10},"end":{"line":74,"column":11}},"13":{"start":{"line":63,"column":12},"end":{"line":69,"column":15}},"14":{"start":{"line":71,"column":12},"end":{"line":71,"column":106}},"15":{"start":{"line":73,"column":12},"end":{"line":73,"column":92}},"16":{"start":{"line":78,"column":6},"end":{"line":78,"column":74}},"17":{"start":{"line":83,"column":2},"end":{"line":83,"column":20}},"18":{"start":{"line":87,"column":23},"end":{"line":87,"column":62}},"19":{"start":{"line":88,"column":2},"end":{"line":88,"column":66}},"20":{"start":{"line":88,"column":21},"end":{"line":88,"column":66}},"21":{"start":{"line":90,"column":2},"end":{"line":90,"column":44}},"22":{"start":{"line":94,"column":23},"end":{"line":94,"column":62}},"23":{"start":{"line":95,"column":2},"end":{"line":95,"column":66}},"24":{"start":{"line":95,"column":21},"end":{"line":95,"column":66}},"25":{"start":{"line":97,"column":2},"end":{"line":97,"column":33}},"26":{"start":{"line":101,"column":16},"end":{"line":101,"column":35}},"27":{"start":{"line":102,"column":2},"end":{"line":102,"column":66}},"28":{"start":{"line":102,"column":12},"end":{"line":102,"column":66}},"29":{"start":{"line":104,"column":2},"end":{"line":113,"column":12}},"30":{"start":{"line":117,"column":16},"end":{"line":117,"column":35}},"31":{"start":{"line":120,"column":23},"end":{"line":123,"column":3}},"32":{"start":{"line":125,"column":2},"end":{"line":131,"column":3}},"33":{"start":{"line":126,"column":4},"end":{"line":130,"column":14}},"34":{"start":{"line":133,"column":16},"end":{"line":133,"column":68}},"35":{"start":{"line":136,"column":22},"end":{"line":143,"column":3}},"36":{"start":{"line":145,"column":24},"end":{"line":148,"column":11}},"37":{"start":{"line":150,"column":2},"end":{"line":150,"column":79}},"38":{"start":{"line":153,"column":21},"end":{"line":153,"column":59}},"39":{"start":{"line":154,"column":17},"end":{"line":158,"column":11}},"40":{"start":{"line":161,"column":19},"end":{"line":161,"column":68}},"41":{"start":{"line":161,"column":57},"end":{"line":161,"column":62}},"42":{"start":{"line":162,"column":2},"end":{"line":162,"column":70}},"43":{"start":{"line":165,"column":23},"end":{"line":165,"column":63}},"44":{"start":{"line":166,"column":17},"end":{"line":166,"column":19}},"45":{"start":{"line":168,"column":2},"end":{"line":180,"column":3}},"46":{"start":{"line":169,"column":4},"end":{"line":176,"column":5}},"47":{"start":{"line":170,"column":6},"end":{"line":172,"column":16}},"48":{"start":{"line":173,"column":6},"end":{"line":173,"column":78}},"49":{"start":{"line":175,"column":6},"end":{"line":175,"column":75}},"50":{"start":{"line":178,"column":4},"end":{"line":178,"column":63}},"51":{"start":{"line":179,"column":4},"end":{"line":179,"column":18}},"52":{"start":{"line":183,"column":21},"end":{"line":183,"column":76}},"53":{"start":{"line":183,"column":64},"end":{"line":183,"column":70}},"54":{"start":{"line":184,"column":2},"end":{"line":184,"column":71}},"55":{"start":{"line":187,"column":24},"end":{"line":187,"column":26}},"56":{"start":{"line":189,"column":2},"end":{"line":210,"column":3}},"57":{"start":{"line":190,"column":4},"end":{"line":206,"column":5}},"58":{"start":{"line":191,"column":6},"end":{"line":196,"column":16}},"59":{"start":{"line":197,"column":6},"end":{"line":201,"column":8}},"60":{"start":{"line":203,"column":6},"end":{"line":205,"column":8}},"61":{"start":{"line":208,"column":4},"end":{"line":208,"column":72}},"62":{"start":{"line":209,"column":4},"end":{"line":209,"column":25}},"63":{"start":{"line":213,"column":14},"end":{"line":213,"column":23}},"64":{"start":{"line":214,"column":2},"end":{"line":214,"column":58}},"65":{"start":{"line":214,"column":31},"end":{"line":214,"column":56}},"66":{"start":{"line":215,"column":2},"end":{"line":215,"column":60}},"67":{"start":{"line":215,"column":33},"end":{"line":215,"column":58}},"68":{"start":{"line":217,"column":21},"end":{"line":217,"column":45}},"69":{"start":{"line":218,"column":2},"end":{"line":218,"column":69}},"70":{"start":{"line":221,"column":2},"end":{"line":225,"column":5}},"71":{"start":{"line":222,"column":4},"end":{"line":222,"column":28}},"72":{"start":{"line":222,"column":18},"end":{"line":222,"column":28}},"73":{"start":{"line":223,"column":4},"end":{"line":223,"column":27}},"74":{"start":{"line":223,"column":18},"end":{"line":223,"column":27}},"75":{"start":{"line":224,"column":4},"end":{"line":224,"column":42}},"76":{"start":{"line":227,"column":2},"end":{"line":227,"column":20}}},"fnMap":{"0":{"name":"get","decl":{"start":{"line":10,"column":22},"end":{"line":10,"column":25}},"loc":{"start":{"line":10,"column":40},"end":{"line":20,"column":1}},"line":10},"1":{"name":"getById","decl":{"start":{"line":22,"column":22},"end":{"line":22,"column":29}},"loc":{"start":{"line":22,"column":35},"end":{"line":34,"column":1}},"line":22},"2":{"name":"create","decl":{"start":{"line":36,"column":22},"end":{"line":36,"column":28}},"loc":{"start":{"line":36,"column":40},"end":{"line":84,"column":1}},"line":36},"3":{"name":"update","decl":{"start":{"line":86,"column":22},"end":{"line":86,"column":28}},"loc":{"start":{"line":86,"column":49},"end":{"line":91,"column":1}},"line":86},"4":{"name":"destroy","decl":{"start":{"line":93,"column":22},"end":{"line":93,"column":29}},"loc":{"start":{"line":93,"column":35},"end":{"line":98,"column":1}},"line":93},"5":{"name":"searchByName","decl":{"start":{"line":100,"column":22},"end":{"line":100,"column":34}},"loc":{"start":{"line":100,"column":59},"end":{"line":114,"column":1}},"line":100},"6":{"name":"searchArticle","decl":{"start":{"line":116,"column":22},"end":{"line":116,"column":35}},"loc":{"start":{"line":116,"column":65},"end":{"line":228,"column":1}},"line":116},"7":{"name":"(anonymous_7)","decl":{"start":{"line":161,"column":50},"end":{"line":161,"column":51}},"loc":{"start":{"line":161,"column":57},"end":{"line":161,"column":62}},"line":161},"8":{"name":"(anonymous_8)","decl":{"start":{"line":183,"column":56},"end":{"line":183,"column":57}},"loc":{"start":{"line":183,"column":64},"end":{"line":183,"column":70}},"line":183},"9":{"name":"(anonymous_9)","decl":{"start":{"line":214,"column":24},"end":{"line":214,"column":25}},"loc":{"start":{"line":214,"column":31},"end":{"line":214,"column":56}},"line":214},"10":{"name":"(anonymous_10)","decl":{"start":{"line":215,"column":26},"end":{"line":215,"column":27}},"loc":{"start":{"line":215,"column":33},"end":{"line":215,"column":58}},"line":215},"11":{"name":"(anonymous_11)","decl":{"start":{"line":221,"column":18},"end":{"line":221,"column":19}},"loc":{"start":{"line":221,"column":28},"end":{"line":225,"column":3}},"line":221}},"branchMap":{"0":{"loc":{"start":{"line":32,"column":2},"end":{"line":32,"column":66}},"type":"if","locations":[{"start":{"line":32,"column":2},"end":{"line":32,"column":66}},{"start":{},"end":{}}],"line":32},"1":{"loc":{"start":{"line":51,"column":2},"end":{"line":81,"column":3}},"type":"if","locations":[{"start":{"line":51,"column":2},"end":{"line":81,"column":3}},{"start":{},"end":{}}],"line":51},"2":{"loc":{"start":{"line":51,"column":6},"end":{"line":51,"column":64}},"type":"binary-expr","locations":[{"start":{"line":51,"column":6},"end":{"line":51,"column":22}},{"start":{"line":51,"column":26},"end":{"line":51,"column":64}}],"line":51},"3":{"loc":{"start":{"line":67,"column":25},"end":{"line":67,"column":88}},"type":"binary-expr","locations":[{"start":{"line":67,"column":25},"end":{"line":67,"column":62}},{"start":{"line":67,"column":66},"end":{"line":67,"column":88}}],"line":67},"4":{"loc":{"start":{"line":68,"column":27},"end":{"line":68,"column":80}},"type":"binary-expr","locations":[{"start":{"line":68,"column":27},"end":{"line":68,"column":57}},{"start":{"line":68,"column":61},"end":{"line":68,"column":80}}],"line":68},"5":{"loc":{"start":{"line":88,"column":2},"end":{"line":88,"column":66}},"type":"if","locations":[{"start":{"line":88,"column":2},"end":{"line":88,"column":66}},{"start":{},"end":{}}],"line":88},"6":{"loc":{"start":{"line":95,"column":2},"end":{"line":95,"column":66}},"type":"if","locations":[{"start":{"line":95,"column":2},"end":{"line":95,"column":66}},{"start":{},"end":{}}],"line":95},"7":{"loc":{"start":{"line":102,"column":2},"end":{"line":102,"column":66}},"type":"if","locations":[{"start":{"line":102,"column":2},"end":{"line":102,"column":66}},{"start":{},"end":{}}],"line":102},"8":{"loc":{"start":{"line":116,"column":44},"end":{"line":116,"column":61}},"type":"default-arg","locations":[{"start":{"line":116,"column":59},"end":{"line":116,"column":61}}],"line":116},"9":{"loc":{"start":{"line":125,"column":2},"end":{"line":131,"column":3}},"type":"if","locations":[{"start":{"line":125,"column":2},"end":{"line":131,"column":3}},{"start":{},"end":{}}],"line":125},"10":{"loc":{"start":{"line":133,"column":16},"end":{"line":133,"column":68}},"type":"binary-expr","locations":[{"start":{"line":133,"column":16},"end":{"line":133,"column":43}},{"start":{"line":133,"column":47},"end":{"line":133,"column":68}}],"line":133},"11":{"loc":{"start":{"line":161,"column":19},"end":{"line":161,"column":68}},"type":"cond-expr","locations":[{"start":{"line":161,"column":39},"end":{"line":161,"column":63}},{"start":{"line":161,"column":66},"end":{"line":161,"column":68}}],"line":161},"12":{"loc":{"start":{"line":169,"column":4},"end":{"line":176,"column":5}},"type":"if","locations":[{"start":{"line":169,"column":4},"end":{"line":176,"column":5}},{"start":{"line":174,"column":11},"end":{"line":176,"column":5}}],"line":169},"13":{"loc":{"start":{"line":183,"column":21},"end":{"line":183,"column":76}},"type":"cond-expr","locations":[{"start":{"line":183,"column":43},"end":{"line":183,"column":71}},{"start":{"line":183,"column":74},"end":{"line":183,"column":76}}],"line":183},"14":{"loc":{"start":{"line":190,"column":4},"end":{"line":206,"column":5}},"type":"if","locations":[{"start":{"line":190,"column":4},"end":{"line":206,"column":5}},{"start":{"line":202,"column":11},"end":{"line":206,"column":5}}],"line":190},"15":{"loc":{"start":{"line":222,"column":4},"end":{"line":222,"column":28}},"type":"if","locations":[{"start":{"line":222,"column":4},"end":{"line":222,"column":28}},{"start":{},"end":{}}],"line":222},"16":{"loc":{"start":{"line":223,"column":4},"end":{"line":223,"column":27}},"type":"if","locations":[{"start":{"line":223,"column":4},"end":{"line":223,"column":27}},{"start":{},"end":{}}],"line":223}},"s":{"0":2,"1":3,"2":3,"3":2,"4":1,"5":7,"6":6,"7":5,"8":1,"9":1,"10":1,"11":1,"12":0,"13":0,"14":0,"15":0,"16":0,"17":5,"18":5,"19":5,"20":4,"21":1,"22":4,"23":4,"24":3,"25":1,"26":2,"27":2,"28":0,"29":2,"30":3,"31":3,"32":3,"33":1,"34":2,"35":2,"36":2,"37":2,"38":2,"39":2,"40":2,"41":0,"42":2,"43":2,"44":2,"45":2,"46":2,"47":0,"48":0,"49":2,"50":0,"51":0,"52":2,"53":0,"54":2,"55":2,"56":2,"57":2,"58":0,"59":0,"60":2,"61":0,"62":0,"63":2,"64":2,"65":2,"66":2,"67":0,"68":2,"69":2,"70":2,"71":0,"72":0,"73":0,"74":0,"75":0,"76":2},"f":{"0":2,"1":3,"2":7,"3":5,"4":4,"5":2,"6":3,"7":0,"8":0,"9":2,"10":0,"11":0},"b":{"0":[2,1],"1":[1,4],"2":[5,5],"3":[0,0],"4":[0,0],"5":[4,1],"6":[3,1],"7":[0,2],"8":[2],"9":[1,2],"10":[2,0],"11":[0,2],"12":[0,2],"13":[0,2],"14":[0,2],"15":[0,0],"16":[0,0]},"inputSourceMap":null,"_coverageSchema":"1a1c01bbd47fc00a2c39e90264f33305004495a9","hash":"c59c3c65e665d7a62162e94baa09e77e942bc60c"}
,"C:\\engSoftware\\TP1_V4\\biblioteca-digital\\biblioteca-digital-backend\\src\\services\\BulkArticleService.js": {"path":"C:\\engSoftware\\TP1_V4\\biblioteca-digital\\biblioteca-digital-backend\\src\\services\\BulkArticleService.js","statementMap":{"0":{"start":{"line":10,"column":31},"end":{"line":10,"column":40}},"1":{"start":{"line":12,"column":19},"end":{"line":12,"column":49}},"2":{"start":{"line":13,"column":18},"end":{"line":13,"column":42}},"3":{"start":{"line":17,"column":4},"end":{"line":17,"column":28}},"4":{"start":{"line":18,"column":4},"end":{"line":18,"column":30}},"5":{"start":{"line":19,"column":4},"end":{"line":19,"column":33}},"6":{"start":{"line":24,"column":4},"end":{"line":24,"column":46}},"7":{"start":{"line":25,"column":20},"end":{"line":25,"column":22}},"8":{"start":{"line":28,"column":23},"end":{"line":28,"column":73}},"9":{"start":{"line":31,"column":4},"end":{"line":57,"column":5}},"10":{"start":{"line":32,"column":56},"end":{"line":32,"column":61}},"11":{"start":{"line":34,"column":6},"end":{"line":34,"column":62}},"12":{"start":{"line":36,"column":20},"end":{"line":40,"column":7}},"13":{"start":{"line":43,"column":25},"end":{"line":43,"column":81}},"14":{"start":{"line":45,"column":6},"end":{"line":54,"column":7}},"15":{"start":{"line":46,"column":90},"end":{"line":46,"column":100}},"16":{"start":{"line":47,"column":31},"end":{"line":47,"column":61}},"17":{"start":{"line":48,"column":32},"end":{"line":48,"column":111}},"18":{"start":{"line":50,"column":8},"end":{"line":53,"column":9}},"19":{"start":{"line":51,"column":10},"end":{"line":51,"column":60}},"20":{"start":{"line":52,"column":10},"end":{"line":52,"column":65}},"21":{"start":{"line":56,"column":6},"end":{"line":56,"column":26}},"22":{"start":{"line":59,"column":4},"end":{"line":59,"column":52}},"23":{"start":{"line":60,"column":4},"end":{"line":60,"column":19}},"24":{"start":{"line":65,"column":19},"end":{"line":72,"column":5}},"25":{"start":{"line":74,"column":4},"end":{"line":130,"column":5}},"26":{"start":{"line":76,"column":28},"end":{"line":76,"column":68}},"27":{"start":{"line":79,"column":6},"end":{"line":84,"column":7}},"28":{"start":{"line":80,"column":8},"end":{"line":80,"column":45}},"29":{"start":{"line":82,"column":8},"end":{"line":82,"column":78}},"30":{"start":{"line":83,"column":8},"end":{"line":83,"column":57}},"31":{"start":{"line":87,"column":23},"end":{"line":87,"column":67}},"32":{"start":{"line":90,"column":6},"end":{"line":90,"column":36}},"33":{"start":{"line":92,"column":6},"end":{"line":120,"column":7}},"34":{"start":{"line":94,"column":8},"end":{"line":119,"column":9}},"35":{"start":{"line":95,"column":25},"end":{"line":95,"column":72}},"36":{"start":{"line":97,"column":10},"end":{"line":111,"column":11}},"37":{"start":{"line":98,"column":12},"end":{"line":98,"column":32}},"38":{"start":{"line":99,"column":12},"end":{"line":103,"column":15}},"39":{"start":{"line":105,"column":12},"end":{"line":105,"column":29}},"40":{"start":{"line":106,"column":12},"end":{"line":110,"column":15}},"41":{"start":{"line":113,"column":10},"end":{"line":113,"column":27}},"42":{"start":{"line":114,"column":10},"end":{"line":118,"column":13}},"43":{"start":{"line":123,"column":6},"end":{"line":123,"column":59}},"44":{"start":{"line":125,"column":6},"end":{"line":125,"column":20}},"45":{"start":{"line":128,"column":6},"end":{"line":128,"column":57}},"46":{"start":{"line":129,"column":6},"end":{"line":129,"column":20}},"47":{"start":{"line":135,"column":16},"end":{"line":135,"column":40}},"48":{"start":{"line":136,"column":23},"end":{"line":136,"column":39}},"49":{"start":{"line":137,"column":21},"end":{"line":137,"column":23}},"50":{"start":{"line":140,"column":23},"end":{"line":140,"column":70}},"51":{"start":{"line":141,"column":4},"end":{"line":143,"column":5}},"52":{"start":{"line":142,"column":6},"end":{"line":142,"column":52}},"53":{"start":{"line":145,"column":4},"end":{"line":155,"column":7}},"54":{"start":{"line":146,"column":6},"end":{"line":154,"column":7}},"55":{"start":{"line":147,"column":25},"end":{"line":147,"column":63}},"56":{"start":{"line":148,"column":28},"end":{"line":148,"column":66}},"57":{"start":{"line":151,"column":8},"end":{"line":151,"column":59}},"58":{"start":{"line":153,"column":8},"end":{"line":153,"column":41}},"59":{"start":{"line":157,"column":4},"end":{"line":157,"column":20}},"60":{"start":{"line":162,"column":4},"end":{"line":162,"column":82}},"61":{"start":{"line":165,"column":4},"end":{"line":170,"column":5}},"62":{"start":{"line":166,"column":6},"end":{"line":169,"column":8}},"63":{"start":{"line":173,"column":4},"end":{"line":178,"column":5}},"64":{"start":{"line":174,"column":6},"end":{"line":177,"column":8}},"65":{"start":{"line":181,"column":4},"end":{"line":186,"column":5}},"66":{"start":{"line":182,"column":6},"end":{"line":185,"column":8}},"67":{"start":{"line":188,"column":27},"end":{"line":188,"column":88}},"68":{"start":{"line":189,"column":26},"end":{"line":189,"column":28}},"69":{"start":{"line":192,"column":4},"end":{"line":196,"column":7}},"70":{"start":{"line":193,"column":6},"end":{"line":195,"column":7}},"71":{"start":{"line":194,"column":8},"end":{"line":194,"column":34}},"72":{"start":{"line":198,"column":4},"end":{"line":204,"column":5}},"73":{"start":{"line":199,"column":6},"end":{"line":203,"column":8}},"74":{"start":{"line":206,"column":4},"end":{"line":347,"column":5}},"75":{"start":{"line":208,"column":6},"end":{"line":208,"column":61}},"76":{"start":{"line":210,"column":20},"end":{"line":210,"column":65}},"77":{"start":{"line":211,"column":22},"end":{"line":211,"column":63}},"78":{"start":{"line":212,"column":19},"end":{"line":212,"column":77}},"79":{"start":{"line":213,"column":24},"end":{"line":213,"column":73}},"80":{"start":{"line":214,"column":23},"end":{"line":214,"column":71}},"81":{"start":{"line":215,"column":20},"end":{"line":215,"column":58}},"82":{"start":{"line":218,"column":6},"end":{"line":223,"column":7}},"83":{"start":{"line":219,"column":8},"end":{"line":222,"column":10}},"84":{"start":{"line":225,"column":6},"end":{"line":230,"column":7}},"85":{"start":{"line":226,"column":8},"end":{"line":229,"column":10}},"86":{"start":{"line":233,"column":28},"end":{"line":233,"column":151}},"87":{"start":{"line":234,"column":30},"end":{"line":236,"column":7}},"88":{"start":{"line":235,"column":8},"end":{"line":235,"column":63}},"89":{"start":{"line":238,"column":6},"end":{"line":243,"column":7}},"90":{"start":{"line":239,"column":8},"end":{"line":242,"column":10}},"91":{"start":{"line":245,"column":6},"end":{"line":250,"column":7}},"92":{"start":{"line":246,"column":8},"end":{"line":249,"column":10}},"93":{"start":{"line":253,"column":6},"end":{"line":258,"column":7}},"94":{"start":{"line":254,"column":8},"end":{"line":257,"column":10}},"95":{"start":{"line":261,"column":24},"end":{"line":261,"column":45}},"96":{"start":{"line":262,"column":22},"end":{"line":262,"column":42}},"97":{"start":{"line":264,"column":6},"end":{"line":269,"column":7}},"98":{"start":{"line":265,"column":8},"end":{"line":268,"column":10}},"99":{"start":{"line":272,"column":20},"end":{"line":277,"column":8}},"100":{"start":{"line":279,"column":6},"end":{"line":284,"column":7}},"101":{"start":{"line":280,"column":8},"end":{"line":283,"column":10}},"102":{"start":{"line":287,"column":22},"end":{"line":291,"column":8}},"103":{"start":{"line":293,"column":6},"end":{"line":298,"column":7}},"104":{"start":{"line":294,"column":8},"end":{"line":297,"column":10}},"105":{"start":{"line":301,"column":30},"end":{"line":304,"column":8}},"106":{"start":{"line":306,"column":6},"end":{"line":311,"column":7}},"107":{"start":{"line":307,"column":8},"end":{"line":310,"column":10}},"108":{"start":{"line":314,"column":20},"end":{"line":314,"column":24}},"109":{"start":{"line":315,"column":23},"end":{"line":315,"column":50}},"110":{"start":{"line":317,"column":6},"end":{"line":319,"column":7}},"111":{"start":{"line":318,"column":8},"end":{"line":318,"column":76}},"112":{"start":{"line":322,"column":26},"end":{"line":330,"column":7}},"113":{"start":{"line":332,"column":6},"end":{"line":332,"column":62}},"114":{"start":{"line":333,"column":22},"end":{"line":333,"column":60}},"115":{"start":{"line":334,"column":6},"end":{"line":334,"column":64}},"116":{"start":{"line":336,"column":6},"end":{"line":340,"column":8}},"117":{"start":{"line":343,"column":6},"end":{"line":346,"column":8}},"118":{"start":{"line":352,"column":24},"end":{"line":352,"column":70}},"119":{"start":{"line":353,"column":21},"end":{"line":353,"column":55}},"120":{"start":{"line":354,"column":22},"end":{"line":354,"column":54}},"121":{"start":{"line":357,"column":4},"end":{"line":359,"column":5}},"122":{"start":{"line":358,"column":6},"end":{"line":358,"column":53}},"123":{"start":{"line":362,"column":4},"end":{"line":362,"column":44}},"124":{"start":{"line":364,"column":4},"end":{"line":364,"column":43}},"125":{"start":{"line":368,"column":4},"end":{"line":368,"column":24}},"126":{"start":{"line":368,"column":14},"end":{"line":368,"column":24}},"127":{"start":{"line":370,"column":4},"end":{"line":376,"column":14}},"128":{"start":{"line":380,"column":4},"end":{"line":380,"column":33}},"129":{"start":{"line":380,"column":23},"end":{"line":380,"column":33}},"130":{"start":{"line":382,"column":4},"end":{"line":385,"column":43}},"131":{"start":{"line":384,"column":21},"end":{"line":384,"column":51}},"132":{"start":{"line":385,"column":24},"end":{"line":385,"column":41}},"133":{"start":{"line":389,"column":4},"end":{"line":389,"column":55}},"134":{"start":{"line":389,"column":22},"end":{"line":389,"column":55}},"135":{"start":{"line":391,"column":4},"end":{"line":391,"column":47}},"136":{"start":{"line":394,"column":18},"end":{"line":394,"column":48}},"137":{"start":{"line":396,"column":4},"end":{"line":403,"column":5}},"138":{"start":{"line":397,"column":21},"end":{"line":400,"column":7}},"139":{"start":{"line":401,"column":6},"end":{"line":401,"column":50}},"140":{"start":{"line":402,"column":6},"end":{"line":402,"column":20}},"141":{"start":{"line":406,"column":17},"end":{"line":406,"column":32}},"142":{"start":{"line":407,"column":4},"end":{"line":407,"column":39}},"143":{"start":{"line":411,"column":4},"end":{"line":411,"column":36}},"144":{"start":{"line":411,"column":20},"end":{"line":411,"column":36}},"145":{"start":{"line":413,"column":4},"end":{"line":413,"column":63}},"146":{"start":{"line":416,"column":27},"end":{"line":422,"column":5}},"147":{"start":{"line":425,"column":22},"end":{"line":429,"column":5}},"148":{"start":{"line":432,"column":18},"end":{"line":437,"column":48}},"149":{"start":{"line":436,"column":22},"end":{"line":436,"column":37}},"150":{"start":{"line":437,"column":22},"end":{"line":437,"column":47}},"151":{"start":{"line":439,"column":4},"end":{"line":439,"column":42}},"152":{"start":{"line":442,"column":21},"end":{"line":442,"column":23}},"153":{"start":{"line":443,"column":20},"end":{"line":443,"column":22}},"154":{"start":{"line":445,"column":4},"end":{"line":451,"column":7}},"155":{"start":{"line":446,"column":6},"end":{"line":450,"column":7}},"156":{"start":{"line":447,"column":8},"end":{"line":447,"column":28}},"157":{"start":{"line":449,"column":8},"end":{"line":449,"column":27}},"158":{"start":{"line":453,"column":4},"end":{"line":453,"column":45}},"159":{"start":{"line":454,"column":4},"end":{"line":454,"column":43}},"160":{"start":{"line":457,"column":21},"end":{"line":457,"column":23}},"161":{"start":{"line":460,"column":4},"end":{"line":460,"column":33}},"162":{"start":{"line":463,"column":22},"end":{"line":463,"column":67}},"163":{"start":{"line":464,"column":4},"end":{"line":464,"column":52}},"164":{"start":{"line":467,"column":4},"end":{"line":469,"column":5}},"165":{"start":{"line":468,"column":6},"end":{"line":468,"column":61}},"166":{"start":{"line":472,"column":18},"end":{"line":474,"column":15}},"167":{"start":{"line":473,"column":19},"end":{"line":473,"column":47}},"168":{"start":{"line":476,"column":23},"end":{"line":476,"column":59}},"169":{"start":{"line":477,"column":4},"end":{"line":477,"column":48}},"170":{"start":{"line":479,"column":4},"end":{"line":479,"column":22}},"171":{"start":{"line":485,"column":4},"end":{"line":487,"column":5}},"172":{"start":{"line":486,"column":6},"end":{"line":486,"column":37}},"173":{"start":{"line":490,"column":4},"end":{"line":492,"column":5}},"174":{"start":{"line":491,"column":6},"end":{"line":491,"column":34}},"175":{"start":{"line":495,"column":4},"end":{"line":499,"column":7}},"176":{"start":{"line":496,"column":6},"end":{"line":498,"column":7}},"177":{"start":{"line":497,"column":8},"end":{"line":497,"column":31}},"178":{"start":{"line":502,"column":23},"end":{"line":502,"column":70}},"179":{"start":{"line":503,"column":4},"end":{"line":508,"column":5}},"180":{"start":{"line":504,"column":20},"end":{"line":504,"column":46}},"181":{"start":{"line":505,"column":6},"end":{"line":507,"column":7}},"182":{"start":{"line":506,"column":8},"end":{"line":506,"column":33}}},"fnMap":{"0":{"name":"(anonymous_0)","decl":{"start":{"line":16,"column":2},"end":{"line":16,"column":3}},"loc":{"start":{"line":16,"column":16},"end":{"line":20,"column":3}},"line":16},"1":{"name":"(anonymous_1)","decl":{"start":{"line":23,"column":2},"end":{"line":23,"column":3}},"loc":{"start":{"line":23,"column":36},"end":{"line":61,"column":3}},"line":23},"2":{"name":"(anonymous_2)","decl":{"start":{"line":64,"column":2},"end":{"line":64,"column":3}},"loc":{"start":{"line":64,"column":47},"end":{"line":131,"column":3}},"line":64},"3":{"name":"(anonymous_3)","decl":{"start":{"line":134,"column":2},"end":{"line":134,"column":3}},"loc":{"start":{"line":134,"column":27},"end":{"line":158,"column":3}},"line":134},"4":{"name":"(anonymous_4)","decl":{"start":{"line":145,"column":23},"end":{"line":145,"column":24}},"loc":{"start":{"line":145,"column":32},"end":{"line":155,"column":5}},"line":145},"5":{"name":"(anonymous_5)","decl":{"start":{"line":161,"column":2},"end":{"line":161,"column":3}},"loc":{"start":{"line":161,"column":45},"end":{"line":348,"column":3}},"line":161},"6":{"name":"(anonymous_6)","decl":{"start":{"line":192,"column":27},"end":{"line":192,"column":28}},"loc":{"start":{"line":192,"column":36},"end":{"line":196,"column":5}},"line":192},"7":{"name":"(anonymous_7)","decl":{"start":{"line":234,"column":49},"end":{"line":234,"column":50}},"loc":{"start":{"line":235,"column":8},"end":{"line":235,"column":63}},"line":235},"8":{"name":"(anonymous_8)","decl":{"start":{"line":351,"column":2},"end":{"line":351,"column":3}},"loc":{"start":{"line":351,"column":52},"end":{"line":365,"column":3}},"line":351},"9":{"name":"(anonymous_9)","decl":{"start":{"line":367,"column":2},"end":{"line":367,"column":3}},"loc":{"start":{"line":367,"column":25},"end":{"line":377,"column":3}},"line":367},"10":{"name":"(anonymous_10)","decl":{"start":{"line":379,"column":2},"end":{"line":379,"column":3}},"loc":{"start":{"line":379,"column":29},"end":{"line":386,"column":3}},"line":379},"11":{"name":"(anonymous_11)","decl":{"start":{"line":384,"column":11},"end":{"line":384,"column":12}},"loc":{"start":{"line":384,"column":21},"end":{"line":384,"column":51}},"line":384},"12":{"name":"(anonymous_12)","decl":{"start":{"line":385,"column":14},"end":{"line":385,"column":15}},"loc":{"start":{"line":385,"column":24},"end":{"line":385,"column":41}},"line":385},"13":{"name":"(anonymous_13)","decl":{"start":{"line":388,"column":2},"end":{"line":388,"column":3}},"loc":{"start":{"line":388,"column":26},"end":{"line":408,"column":3}},"line":388},"14":{"name":"(anonymous_14)","decl":{"start":{"line":410,"column":2},"end":{"line":410,"column":3}},"loc":{"start":{"line":410,"column":27},"end":{"line":480,"column":3}},"line":410},"15":{"name":"(anonymous_15)","decl":{"start":{"line":436,"column":14},"end":{"line":436,"column":15}},"loc":{"start":{"line":436,"column":22},"end":{"line":436,"column":37}},"line":436},"16":{"name":"(anonymous_16)","decl":{"start":{"line":437,"column":14},"end":{"line":437,"column":15}},"loc":{"start":{"line":437,"column":22},"end":{"line":437,"column":47}},"line":437},"17":{"name":"(anonymous_17)","decl":{"start":{"line":445,"column":18},"end":{"line":445,"column":19}},"loc":{"start":{"line":445,"column":26},"end":{"line":451,"column":5}},"line":445},"18":{"name":"(anonymous_18)","decl":{"start":{"line":473,"column":11},"end":{"line":473,"column":12}},"loc":{"start":{"line":473,"column":19},"end":{"line":473,"column":47}},"line":473},"19":{"name":"(anonymous_19)","decl":{"start":{"line":483,"column":2},"end":{"line":483,"column":3}},"loc":{"start":{"line":483,"column":50},"end":{"line":509,"column":3}},"line":483},"20":{"name":"(anonymous_20)","decl":{"start":{"line":495,"column":36},"end":{"line":495,"column":37}},"loc":{"start":{"line":495,"column":47},"end":{"line":499,"column":5}},"line":495}},"branchMap":{"0":{"loc":{"start":{"line":48,"column":33},"end":{"line":48,"column":103}},"type":"binary-expr","locations":[{"start":{"line":48,"column":33},"end":{"line":48,"column":44}},{"start":{"line":48,"column":48},"end":{"line":48,"column":64}},{"start":{"line":48,"column":68},"end":{"line":48,"column":84}},{"start":{"line":48,"column":88},"end":{"line":48,"column":97}},{"start":{"line":48,"column":101},"end":{"line":48,"column":103}}],"line":48},"1":{"loc":{"start":{"line":50,"column":8},"end":{"line":53,"column":9}},"type":"if","locations":[{"start":{"line":50,"column":8},"end":{"line":53,"column":9}},{"start":{},"end":{}}],"line":50},"2":{"loc":{"start":{"line":87,"column":23},"end":{"line":87,"column":67}},"type":"cond-expr","locations":[{"start":{"line":87,"column":33},"end":{"line":87,"column":62}},{"start":{"line":87,"column":65},"end":{"line":87,"column":67}}],"line":87},"3":{"loc":{"start":{"line":97,"column":10},"end":{"line":111,"column":11}},"type":"if","locations":[{"start":{"line":97,"column":10},"end":{"line":111,"column":11}},{"start":{"line":104,"column":17},"end":{"line":111,"column":11}}],"line":97},"4":{"loc":{"start":{"line":109,"column":29},"end":{"line":109,"column":55}},"type":"binary-expr","locations":[{"start":{"line":109,"column":29},"end":{"line":109,"column":49}},{"start":{"line":109,"column":53},"end":{"line":109,"column":55}}],"line":109},"5":{"loc":{"start":{"line":141,"column":4},"end":{"line":143,"column":5}},"type":"if","locations":[{"start":{"line":141,"column":4},"end":{"line":143,"column":5}},{"start":{},"end":{}}],"line":141},"6":{"loc":{"start":{"line":146,"column":6},"end":{"line":154,"column":7}},"type":"if","locations":[{"start":{"line":146,"column":6},"end":{"line":154,"column":7}},{"start":{},"end":{}}],"line":146},"7":{"loc":{"start":{"line":165,"column":4},"end":{"line":170,"column":5}},"type":"if","locations":[{"start":{"line":165,"column":4},"end":{"line":170,"column":5}},{"start":{},"end":{}}],"line":165},"8":{"loc":{"start":{"line":165,"column":8},"end":{"line":165,"column":79}},"type":"binary-expr","locations":[{"start":{"line":165,"column":8},"end":{"line":165,"column":43}},{"start":{"line":165,"column":47},"end":{"line":165,"column":79}}],"line":165},"9":{"loc":{"start":{"line":173,"column":4},"end":{"line":178,"column":5}},"type":"if","locations":[{"start":{"line":173,"column":4},"end":{"line":178,"column":5}},{"start":{},"end":{}}],"line":173},"10":{"loc":{"start":{"line":173,"column":8},"end":{"line":173,"column":97}},"type":"binary-expr","locations":[{"start":{"line":173,"column":8},"end":{"line":173,"column":24}},{"start":{"line":173,"column":28},"end":{"line":173,"column":54}},{"start":{"line":173,"column":58},"end":{"line":173,"column":97}}],"line":173},"11":{"loc":{"start":{"line":181,"column":4},"end":{"line":186,"column":5}},"type":"if","locations":[{"start":{"line":181,"column":4},"end":{"line":186,"column":5}},{"start":{},"end":{}}],"line":181},"12":{"loc":{"start":{"line":181,"column":8},"end":{"line":181,"column":95}},"type":"binary-expr","locations":[{"start":{"line":181,"column":8},"end":{"line":181,"column":24}},{"start":{"line":181,"column":28},"end":{"line":181,"column":53}},{"start":{"line":181,"column":57},"end":{"line":181,"column":95}}],"line":181},"13":{"loc":{"start":{"line":193,"column":6},"end":{"line":195,"column":7}},"type":"if","locations":[{"start":{"line":193,"column":6},"end":{"line":195,"column":7}},{"start":{},"end":{}}],"line":193},"14":{"loc":{"start":{"line":193,"column":10},"end":{"line":193,"column":93}},"type":"binary-expr","locations":[{"start":{"line":193,"column":10},"end":{"line":193,"column":26}},{"start":{"line":193,"column":30},"end":{"line":193,"column":53}},{"start":{"line":193,"column":57},"end":{"line":193,"column":93}}],"line":193},"15":{"loc":{"start":{"line":198,"column":4},"end":{"line":204,"column":5}},"type":"if","locations":[{"start":{"line":198,"column":4},"end":{"line":204,"column":5}},{"start":{},"end":{}}],"line":198},"16":{"loc":{"start":{"line":212,"column":19},"end":{"line":212,"column":77}},"type":"binary-expr","locations":[{"start":{"line":212,"column":19},"end":{"line":212,"column":49}},{"start":{"line":212,"column":53},"end":{"line":212,"column":77}}],"line":212},"17":{"loc":{"start":{"line":218,"column":6},"end":{"line":223,"column":7}},"type":"if","locations":[{"start":{"line":218,"column":6},"end":{"line":223,"column":7}},{"start":{},"end":{}}],"line":218},"18":{"loc":{"start":{"line":218,"column":10},"end":{"line":218,"column":36}},"type":"binary-expr","locations":[{"start":{"line":218,"column":10},"end":{"line":218,"column":16}},{"start":{"line":218,"column":20},"end":{"line":218,"column":36}}],"line":218},"19":{"loc":{"start":{"line":225,"column":6},"end":{"line":230,"column":7}},"type":"if","locations":[{"start":{"line":225,"column":6},"end":{"line":230,"column":7}},{"start":{},"end":{}}],"line":225},"20":{"loc":{"start":{"line":225,"column":10},"end":{"line":225,"column":45}},"type":"binary-expr","locations":[{"start":{"line":225,"column":10},"end":{"line":225,"column":20}},{"start":{"line":225,"column":24},"end":{"line":225,"column":45}}],"line":225},"21":{"loc":{"start":{"line":238,"column":6},"end":{"line":243,"column":7}},"type":"if","locations":[{"start":{"line":238,"column":6},"end":{"line":243,"column":7}},{"start":{},"end":{}}],"line":238},"22":{"loc":{"start":{"line":245,"column":6},"end":{"line":250,"column":7}},"type":"if","locations":[{"start":{"line":245,"column":6},"end":{"line":250,"column":7}},{"start":{},"end":{}}],"line":245},"23":{"loc":{"start":{"line":245,"column":10},"end":{"line":245,"column":42}},"type":"binary-expr","locations":[{"start":{"line":245,"column":10},"end":{"line":245,"column":18}},{"start":{"line":245,"column":22},"end":{"line":245,"column":42}}],"line":245},"24":{"loc":{"start":{"line":253,"column":6},"end":{"line":258,"column":7}},"type":"if","locations":[{"start":{"line":253,"column":6},"end":{"line":258,"column":7}},{"start":{},"end":{}}],"line":253},"25":{"loc":{"start":{"line":253,"column":10},"end":{"line":253,"column":67}},"type":"binary-expr","locations":[{"start":{"line":253,"column":10},"end":{"line":253,"column":22}},{"start":{"line":253,"column":26},"end":{"line":253,"column":37}},{"start":{"line":253,"column":41},"end":{"line":253,"column":67}}],"line":253},"26":{"loc":{"start":{"line":256,"column":103},"end":{"line":256,"column":137}},"type":"binary-expr","locations":[{"start":{"line":256,"column":103},"end":{"line":256,"column":124}},{"start":{"line":256,"column":128},"end":{"line":256,"column":137}}],"line":256},"27":{"loc":{"start":{"line":264,"column":6},"end":{"line":269,"column":7}},"type":"if","locations":[{"start":{"line":264,"column":6},"end":{"line":269,"column":7}},{"start":{},"end":{}}],"line":264},"28":{"loc":{"start":{"line":264,"column":10},"end":{"line":264,"column":68}},"type":"binary-expr","locations":[{"start":{"line":264,"column":10},"end":{"line":264,"column":26}},{"start":{"line":264,"column":30},"end":{"line":264,"column":44}},{"start":{"line":264,"column":48},"end":{"line":264,"column":68}}],"line":264},"29":{"loc":{"start":{"line":279,"column":6},"end":{"line":284,"column":7}},"type":"if","locations":[{"start":{"line":279,"column":6},"end":{"line":284,"column":7}},{"start":{},"end":{}}],"line":279},"30":{"loc":{"start":{"line":293,"column":6},"end":{"line":298,"column":7}},"type":"if","locations":[{"start":{"line":293,"column":6},"end":{"line":298,"column":7}},{"start":{},"end":{}}],"line":293},"31":{"loc":{"start":{"line":306,"column":6},"end":{"line":311,"column":7}},"type":"if","locations":[{"start":{"line":306,"column":6},"end":{"line":311,"column":7}},{"start":{},"end":{}}],"line":306},"32":{"loc":{"start":{"line":317,"column":6},"end":{"line":319,"column":7}},"type":"if","locations":[{"start":{"line":317,"column":6},"end":{"line":319,"column":7}},{"start":{},"end":{}}],"line":317},"33":{"loc":{"start":{"line":317,"column":10},"end":{"line":317,"column":45}},"type":"binary-expr","locations":[{"start":{"line":317,"column":10},"end":{"line":317,"column":18}},{"start":{"line":317,"column":22},"end":{"line":317,"column":45}}],"line":317},"34":{"loc":{"start":{"line":324,"column":16},"end":{"line":324,"column":69}},"type":"cond-expr","locations":[{"start":{"line":324,"column":41},"end":{"line":324,"column":59}},{"start":{"line":324,"column":62},"end":{"line":324,"column":69}}],"line":324},"35":{"loc":{"start":{"line":357,"column":4},"end":{"line":359,"column":5}},"type":"if","locations":[{"start":{"line":357,"column":4},"end":{"line":359,"column":5}},{"start":{},"end":{}}],"line":357},"36":{"loc":{"start":{"line":368,"column":4},"end":{"line":368,"column":24}},"type":"if","locations":[{"start":{"line":368,"column":4},"end":{"line":368,"column":24}},{"start":{},"end":{}}],"line":368},"37":{"loc":{"start":{"line":380,"column":4},"end":{"line":380,"column":33}},"type":"if","locations":[{"start":{"line":380,"column":4},"end":{"line":380,"column":33}},{"start":{},"end":{}}],"line":380},"38":{"loc":{"start":{"line":389,"column":4},"end":{"line":389,"column":55}},"type":"if","locations":[{"start":{"line":389,"column":4},"end":{"line":389,"column":55}},{"start":{},"end":{}}],"line":389},"39":{"loc":{"start":{"line":396,"column":4},"end":{"line":403,"column":5}},"type":"if","locations":[{"start":{"line":396,"column":4},"end":{"line":403,"column":5}},{"start":{},"end":{}}],"line":396},"40":{"loc":{"start":{"line":411,"column":4},"end":{"line":411,"column":36}},"type":"if","locations":[{"start":{"line":411,"column":4},"end":{"line":411,"column":36}},{"start":{},"end":{}}],"line":411},"41":{"loc":{"start":{"line":446,"column":6},"end":{"line":450,"column":7}},"type":"if","locations":[{"start":{"line":446,"column":6},"end":{"line":450,"column":7}},{"start":{"line":448,"column":13},"end":{"line":450,"column":7}}],"line":446},"42":{"loc":{"start":{"line":467,"column":4},"end":{"line":469,"column":5}},"type":"if","locations":[{"start":{"line":467,"column":4},"end":{"line":469,"column":5}},{"start":{},"end":{}}],"line":467},"43":{"loc":{"start":{"line":476,"column":23},"end":{"line":476,"column":59}},"type":"cond-expr","locations":[{"start":{"line":476,"column":43},"end":{"line":476,"column":48}},{"start":{"line":476,"column":51},"end":{"line":476,"column":59}}],"line":476},"44":{"loc":{"start":{"line":485,"column":4},"end":{"line":487,"column":5}},"type":"if","locations":[{"start":{"line":485,"column":4},"end":{"line":487,"column":5}},{"start":{},"end":{}}],"line":485},"45":{"loc":{"start":{"line":490,"column":4},"end":{"line":492,"column":5}},"type":"if","locations":[{"start":{"line":490,"column":4},"end":{"line":492,"column":5}},{"start":{},"end":{}}],"line":490},"46":{"loc":{"start":{"line":490,"column":8},"end":{"line":490,"column":46}},"type":"binary-expr","locations":[{"start":{"line":490,"column":8},"end":{"line":490,"column":15}},{"start":{"line":490,"column":19},"end":{"line":490,"column":46}}],"line":490},"47":{"loc":{"start":{"line":496,"column":6},"end":{"line":498,"column":7}},"type":"if","locations":[{"start":{"line":496,"column":6},"end":{"line":498,"column":7}},{"start":{},"end":{}}],"line":496},"48":{"loc":{"start":{"line":503,"column":4},"end":{"line":508,"column":5}},"type":"if","locations":[{"start":{"line":503,"column":4},"end":{"line":508,"column":5}},{"start":{},"end":{}}],"line":503},"49":{"loc":{"start":{"line":505,"column":6},"end":{"line":507,"column":7}},"type":"if","locations":[{"start":{"line":505,"column":6},"end":{"line":507,"column":7}},{"start":{},"end":{}}],"line":505}},"s":{"0":1,"1":1,"2":1,"3":160,"4":160,"5":160,"6":35,"7":35,"8":35,"9":35,"10":21,"11":21,"12":21,"13":21,"14":21,"15":81,"16":81,"17":81,"18":81,"19":81,"20":81,"21":21,"22":35,"23":35,"24":17,"25":17,"26":17,"27":15,"28":15,"29":15,"30":15,"31":15,"32":15,"33":15,"34":16,"35":16,"36":16,"37":0,"38":0,"39":16,"40":16,"41":0,"42":0,"43":15,"44":15,"45":2,"46":2,"47":0,"48":0,"49":0,"50":0,"51":0,"52":0,"53":0,"54":0,"55":0,"56":0,"57":0,"58":0,"59":0,"60":99,"61":99,"62":45,"63":54,"64":9,"65":45,"66":6,"67":39,"68":39,"69":39,"70":234,"71":7,"72":39,"73":7,"74":32,"75":32,"76":32,"77":32,"78":32,"79":32,"80":32,"81":32,"82":32,"83":2,"84":30,"85":1,"86":29,"87":29,"88":202,"89":29,"90":4,"91":25,"92":0,"93":25,"94":2,"95":23,"96":23,"97":23,"98":3,"99":20,"100":20,"101":14,"102":6,"103":6,"104":1,"105":5,"106":5,"107":1,"108":4,"109":4,"110":4,"111":0,"112":4,"113":4,"114":4,"115":4,"116":4,"117":0,"118":0,"119":0,"120":0,"121":0,"122":0,"123":0,"124":0,"125":177,"126":1,"127":176,"128":51,"129":2,"130":49,"131":62,"132":62,"133":63,"134":3,"135":60,"136":60,"137":60,"138":55,"139":55,"140":55,"141":5,"142":5,"143":0,"144":0,"145":0,"146":0,"147":0,"148":0,"149":0,"150":0,"151":0,"152":0,"153":0,"154":0,"155":0,"156":0,"157":0,"158":0,"159":0,"160":0,"161":0,"162":0,"163":0,"164":0,"165":0,"166":0,"167":0,"168":0,"169":0,"170":0,"171":15,"172":15,"173":15,"174":0,"175":15,"176":0,"177":0,"178":15,"179":15,"180":0,"181":0,"182":0},"f":{"0":160,"1":35,"2":17,"3":0,"4":0,"5":99,"6":234,"7":202,"8":0,"9":177,"10":51,"11":62,"12":62,"13":63,"14":0,"15":0,"16":0,"17":0,"18":0,"19":15,"20":0},"b":{"0":[81,1,1,1,0],"1":[81,0],"2":[0,15],"3":[0,16],"4":[16,16],"5":[0,0],"6":[0,0],"7":[45,54],"8":[99,47],"9":[9,45],"10":[54,52,45],"11":[6,39],"12":[45,45,39],"13":[7,227],"14":[234,234,227],"15":[7,32],"16":[32,2],"17":[2,30],"18":[32,32],"19":[1,29],"20":[30,30],"21":[4,25],"22":[0,25],"23":[25,25],"24":[2,23],"25":[25,25,25],"26":[2,0],"27":[3,20],"28":[23,21,21],"29":[14,6],"30":[1,5],"31":[1,4],"32":[0,4],"33":[4,0],"34":[4,0],"35":[0,0],"36":[1,176],"37":[2,49],"38":[3,60],"39":[55,5],"40":[0,0],"41":[0,0],"42":[0,0],"43":[0,0],"44":[15,0],"45":[0,15],"46":[15,0],"47":[0,0],"48":[0,15],"49":[0,0]},"inputSourceMap":null,"_coverageSchema":"1a1c01bbd47fc00a2c39e90264f33305004495a9","hash":"28f796f8e84d9c245f21d9e52accdcb22393d88d"}
,"C:\\engSoftware\\TP1_V4\\biblioteca-digital\\biblioteca-digital-backend\\src\\services\\EditionsService.js": {"path":"C:\\engSoftware\\TP1_V4\\biblioteca-digital\\biblioteca-digital-backend\\src\\services\\EditionsService.js","statementMap":{"0":{"start":{"line":8,"column":2},"end":{"line":11,"column":12}},"1":{"start":{"line":15,"column":24},"end":{"line":18,"column":11}},"2":{"start":{"line":19,"column":2},"end":{"line":19,"column":67}},"3":{"start":{"line":19,"column":22},"end":{"line":19,"column":67}},"4":{"start":{"line":20,"column":2},"end":{"line":20,"column":23}},"5":{"start":{"line":25,"column":26},"end":{"line":28,"column":11}},"6":{"start":{"line":30,"column":2},"end":{"line":32,"column":3}},"7":{"start":{"line":31,"column":4},"end":{"line":31,"column":94}},"8":{"start":{"line":34,"column":2},"end":{"line":34,"column":41}},"9":{"start":{"line":38,"column":24},"end":{"line":38,"column":64}},"10":{"start":{"line":39,"column":2},"end":{"line":39,"column":67}},"11":{"start":{"line":39,"column":22},"end":{"line":39,"column":67}},"12":{"start":{"line":42,"column":2},"end":{"line":55,"column":3}},"13":{"start":{"line":43,"column":25},"end":{"line":43,"column":63}},"14":{"start":{"line":44,"column":24},"end":{"line":44,"column":60}},"15":{"start":{"line":46,"column":28},"end":{"line":50,"column":13}},"16":{"start":{"line":52,"column":4},"end":{"line":54,"column":5}},"17":{"start":{"line":53,"column":6},"end":{"line":53,"column":93}},"18":{"start":{"line":57,"column":2},"end":{"line":57,"column":45}},"19":{"start":{"line":61,"column":24},"end":{"line":61,"column":64}},"20":{"start":{"line":62,"column":2},"end":{"line":62,"column":67}},"21":{"start":{"line":62,"column":22},"end":{"line":62,"column":67}},"22":{"start":{"line":65,"column":26},"end":{"line":65,"column":73}},"23":{"start":{"line":66,"column":2},"end":{"line":66,"column":105}},"24":{"start":{"line":69,"column":2},"end":{"line":69,"column":34}},"25":{"start":{"line":70,"column":2},"end":{"line":70,"column":52}},"26":{"start":{"line":74,"column":16},"end":{"line":74,"column":35}},"27":{"start":{"line":75,"column":2},"end":{"line":75,"column":65}},"28":{"start":{"line":75,"column":12},"end":{"line":75,"column":65}},"29":{"start":{"line":77,"column":2},"end":{"line":81,"column":12}},"30":{"start":{"line":85,"column":2},"end":{"line":91,"column":3}},"31":{"start":{"line":86,"column":4},"end":{"line":90,"column":14}},"32":{"start":{"line":92,"column":16},"end":{"line":92,"column":43}},"33":{"start":{"line":93,"column":19},"end":{"line":116,"column":3}},"34":{"start":{"line":117,"column":18},"end":{"line":117,"column":57}},"35":{"start":{"line":118,"column":2},"end":{"line":118,"column":17}}},"fnMap":{"0":{"name":"get","decl":{"start":{"line":7,"column":22},"end":{"line":7,"column":25}},"loc":{"start":{"line":7,"column":40},"end":{"line":12,"column":1}},"line":7},"1":{"name":"getById","decl":{"start":{"line":14,"column":22},"end":{"line":14,"column":29}},"loc":{"start":{"line":14,"column":35},"end":{"line":21,"column":1}},"line":14},"2":{"name":"create","decl":{"start":{"line":23,"column":22},"end":{"line":23,"column":28}},"loc":{"start":{"line":23,"column":40},"end":{"line":35,"column":1}},"line":23},"3":{"name":"update","decl":{"start":{"line":37,"column":22},"end":{"line":37,"column":28}},"loc":{"start":{"line":37,"column":49},"end":{"line":58,"column":1}},"line":37},"4":{"name":"destroy","decl":{"start":{"line":60,"column":22},"end":{"line":60,"column":29}},"loc":{"start":{"line":60,"column":35},"end":{"line":71,"column":1}},"line":60},"5":{"name":"searchByName","decl":{"start":{"line":73,"column":22},"end":{"line":73,"column":34}},"loc":{"start":{"line":73,"column":59},"end":{"line":82,"column":1}},"line":73},"6":{"name":"searchEditions","decl":{"start":{"line":84,"column":22},"end":{"line":84,"column":36}},"loc":{"start":{"line":84,"column":66},"end":{"line":119,"column":1}},"line":84}},"branchMap":{"0":{"loc":{"start":{"line":19,"column":2},"end":{"line":19,"column":67}},"type":"if","locations":[{"start":{"line":19,"column":2},"end":{"line":19,"column":67}},{"start":{},"end":{}}],"line":19},"1":{"loc":{"start":{"line":30,"column":2},"end":{"line":32,"column":3}},"type":"if","locations":[{"start":{"line":30,"column":2},"end":{"line":32,"column":3}},{"start":{},"end":{}}],"line":30},"2":{"loc":{"start":{"line":39,"column":2},"end":{"line":39,"column":67}},"type":"if","locations":[{"start":{"line":39,"column":2},"end":{"line":39,"column":67}},{"start":{},"end":{}}],"line":39},"3":{"loc":{"start":{"line":42,"column":2},"end":{"line":55,"column":3}},"type":"if","locations":[{"start":{"line":42,"column":2},"end":{"line":55,"column":3}},{"start":{},"end":{}}],"line":42},"4":{"loc":{"start":{"line":42,"column":6},"end":{"line":42,"column":39}},"type":"binary-expr","locations":[{"start":{"line":42,"column":6},"end":{"line":42,"column":21}},{"start":{"line":42,"column":25},"end":{"line":42,"column":39}}],"line":42},"5":{"loc":{"start":{"line":43,"column":25},"end":{"line":43,"column":63}},"type":"binary-expr","locations":[{"start":{"line":43,"column":25},"end":{"line":43,"column":40}},{"start":{"line":43,"column":44},"end":{"line":43,"column":63}}],"line":43},"6":{"loc":{"start":{"line":44,"column":24},"end":{"line":44,"column":60}},"type":"binary-expr","locations":[{"start":{"line":44,"column":24},"end":{"line":44,"column":38}},{"start":{"line":44,"column":42},"end":{"line":44,"column":60}}],"line":44},"7":{"loc":{"start":{"line":52,"column":4},"end":{"line":54,"column":5}},"type":"if","locations":[{"start":{"line":52,"column":4},"end":{"line":54,"column":5}},{"start":{},"end":{}}],"line":52},"8":{"loc":{"start":{"line":62,"column":2},"end":{"line":62,"column":67}},"type":"if","locations":[{"start":{"line":62,"column":2},"end":{"line":62,"column":67}},{"start":{},"end":{}}],"line":62},"9":{"loc":{"start":{"line":75,"column":2},"end":{"line":75,"column":65}},"type":"if","locations":[{"start":{"line":75,"column":2},"end":{"line":75,"column":65}},{"start":{},"end":{}}],"line":75},"10":{"loc":{"start":{"line":84,"column":45},"end":{"line":84,"column":62}},"type":"default-arg","locations":[{"start":{"line":84,"column":60},"end":{"line":84,"column":62}}],"line":84},"11":{"loc":{"start":{"line":85,"column":2},"end":{"line":91,"column":3}},"type":"if","locations":[{"start":{"line":85,"column":2},"end":{"line":91,"column":3}},{"start":{},"end":{}}],"line":85}},"s":{"0":1,"1":2,"2":2,"3":1,"4":1,"5":2,"6":2,"7":1,"8":1,"9":3,"10":3,"11":1,"12":2,"13":1,"14":1,"15":1,"16":1,"17":1,"18":1,"19":2,"20":2,"21":1,"22":1,"23":1,"24":1,"25":1,"26":1,"27":1,"28":1,"29":1,"30":2,"31":1,"32":1,"33":1,"34":1,"35":1},"f":{"0":1,"1":2,"2":2,"3":3,"4":2,"5":1,"6":2},"b":{"0":[1,1],"1":[1,1],"2":[1,2],"3":[1,1],"4":[2,1],"5":[1,0],"6":[1,0],"7":[1,0],"8":[1,1],"9":[1,0],"10":[0],"11":[1,1]},"inputSourceMap":null,"_coverageSchema":"1a1c01bbd47fc00a2c39e90264f33305004495a9","hash":"f6f53427e3b4fb95cc28959b3d39a41d7bc134f1"}
,"C:\\engSoftware\\TP1_V4\\biblioteca-digital\\biblioteca-digital-backend\\src\\services\\EventsService.js": {"path":"C:\\engSoftware\\TP1_V4\\biblioteca-digital\\biblioteca-digital-backend\\src\\services\\EventsService.js","statementMap":{"0":{"start":{"line":17,"column":2},"end":{"line":35,"column":4}},"1":{"start":{"line":39,"column":22},"end":{"line":39,"column":67}},"2":{"start":{"line":40,"column":2},"end":{"line":40,"column":64}},"3":{"start":{"line":40,"column":20},"end":{"line":40,"column":64}},"4":{"start":{"line":41,"column":2},"end":{"line":41,"column":21}},"5":{"start":{"line":45,"column":16},"end":{"line":45,"column":51}},"6":{"start":{"line":46,"column":2},"end":{"line":46,"column":26}},"7":{"start":{"line":50,"column":22},"end":{"line":50,"column":60}},"8":{"start":{"line":51,"column":2},"end":{"line":51,"column":64}},"9":{"start":{"line":51,"column":20},"end":{"line":51,"column":64}},"10":{"start":{"line":53,"column":2},"end":{"line":53,"column":43}},"11":{"start":{"line":57,"column":22},"end":{"line":57,"column":60}},"12":{"start":{"line":58,"column":2},"end":{"line":58,"column":64}},"13":{"start":{"line":58,"column":20},"end":{"line":58,"column":64}},"14":{"start":{"line":61,"column":26},"end":{"line":61,"column":87}},"15":{"start":{"line":62,"column":21},"end":{"line":62,"column":64}},"16":{"start":{"line":62,"column":52},"end":{"line":62,"column":63}},"17":{"start":{"line":64,"column":2},"end":{"line":64,"column":101}},"18":{"start":{"line":67,"column":2},"end":{"line":70,"column":3}},"19":{"start":{"line":68,"column":28},"end":{"line":68,"column":91}},"20":{"start":{"line":69,"column":4},"end":{"line":69,"column":93}},"21":{"start":{"line":73,"column":26},"end":{"line":73,"column":72}},"22":{"start":{"line":74,"column":2},"end":{"line":74,"column":77}},"23":{"start":{"line":77,"column":2},"end":{"line":77,"column":32}},"24":{"start":{"line":78,"column":2},"end":{"line":78,"column":52}},"25":{"start":{"line":82,"column":16},"end":{"line":82,"column":35}},"26":{"start":{"line":83,"column":2},"end":{"line":83,"column":65}},"27":{"start":{"line":83,"column":12},"end":{"line":83,"column":65}},"28":{"start":{"line":85,"column":2},"end":{"line":85,"column":60}},"29":{"start":{"line":89,"column":16},"end":{"line":89,"column":35}},"30":{"start":{"line":90,"column":2},"end":{"line":93,"column":3}},"31":{"start":{"line":91,"column":18},"end":{"line":91,"column":45}},"32":{"start":{"line":92,"column":4},"end":{"line":92,"column":71}},"33":{"start":{"line":94,"column":2},"end":{"line":94,"column":60}}},"fnMap":{"0":{"name":"get","decl":{"start":{"line":16,"column":22},"end":{"line":16,"column":25}},"loc":{"start":{"line":16,"column":40},"end":{"line":36,"column":1}},"line":16},"1":{"name":"getById","decl":{"start":{"line":38,"column":22},"end":{"line":38,"column":29}},"loc":{"start":{"line":38,"column":35},"end":{"line":42,"column":1}},"line":38},"2":{"name":"create","decl":{"start":{"line":44,"column":22},"end":{"line":44,"column":28}},"loc":{"start":{"line":44,"column":40},"end":{"line":47,"column":1}},"line":44},"3":{"name":"update","decl":{"start":{"line":49,"column":22},"end":{"line":49,"column":28}},"loc":{"start":{"line":49,"column":49},"end":{"line":54,"column":1}},"line":49},"4":{"name":"destroy","decl":{"start":{"line":56,"column":22},"end":{"line":56,"column":29}},"loc":{"start":{"line":56,"column":35},"end":{"line":79,"column":1}},"line":56},"5":{"name":"(anonymous_5)","decl":{"start":{"line":62,"column":41},"end":{"line":62,"column":42}},"loc":{"start":{"line":62,"column":52},"end":{"line":62,"column":63}},"line":62},"6":{"name":"searchByName","decl":{"start":{"line":81,"column":22},"end":{"line":81,"column":34}},"loc":{"start":{"line":81,"column":59},"end":{"line":86,"column":1}},"line":81},"7":{"name":"searchEvents","decl":{"start":{"line":88,"column":22},"end":{"line":88,"column":34}},"loc":{"start":{"line":88,"column":59},"end":{"line":95,"column":1}},"line":88}},"branchMap":{"0":{"loc":{"start":{"line":40,"column":2},"end":{"line":40,"column":64}},"type":"if","locations":[{"start":{"line":40,"column":2},"end":{"line":40,"column":64}},{"start":{},"end":{}}],"line":40},"1":{"loc":{"start":{"line":51,"column":2},"end":{"line":51,"column":64}},"type":"if","locations":[{"start":{"line":51,"column":2},"end":{"line":51,"column":64}},{"start":{},"end":{}}],"line":51},"2":{"loc":{"start":{"line":58,"column":2},"end":{"line":58,"column":64}},"type":"if","locations":[{"start":{"line":58,"column":2},"end":{"line":58,"column":64}},{"start":{},"end":{}}],"line":58},"3":{"loc":{"start":{"line":67,"column":2},"end":{"line":70,"column":3}},"type":"if","locations":[{"start":{"line":67,"column":2},"end":{"line":70,"column":3}},{"start":{},"end":{}}],"line":67},"4":{"loc":{"start":{"line":83,"column":2},"end":{"line":83,"column":65}},"type":"if","locations":[{"start":{"line":83,"column":2},"end":{"line":83,"column":65}},{"start":{},"end":{}}],"line":83},"5":{"loc":{"start":{"line":90,"column":2},"end":{"line":93,"column":3}},"type":"if","locations":[{"start":{"line":90,"column":2},"end":{"line":93,"column":3}},{"start":{},"end":{}}],"line":90}},"s":{"0":1,"1":2,"2":2,"3":1,"4":1,"5":1,"6":1,"7":2,"8":2,"9":1,"10":1,"11":1,"12":1,"13":0,"14":1,"15":1,"16":2,"17":1,"18":1,"19":1,"20":1,"21":1,"22":1,"23":1,"24":1,"25":0,"26":0,"27":0,"28":0,"29":0,"30":0,"31":0,"32":0,"33":0},"f":{"0":1,"1":2,"2":1,"3":2,"4":1,"5":2,"6":0,"7":0},"b":{"0":[1,1],"1":[1,1],"2":[0,1],"3":[1,0],"4":[0,0],"5":[0,0]},"inputSourceMap":null,"_coverageSchema":"1a1c01bbd47fc00a2c39e90264f33305004495a9","hash":"e1af1e0e09d53e99e6e786d70d4698873fcda4dc"}
,"C:\\engSoftware\\TP1_V4\\biblioteca-digital\\biblioteca-digital-backend\\src\\services\\SessionService.js": {"path":"C:\\engSoftware\\TP1_V4\\biblioteca-digital\\biblioteca-digital-backend\\src\\services\\SessionService.js","statementMap":{"0":{"start":{"line":9,"column":20},"end":{"line":12,"column":11}},"1":{"start":{"line":14,"column":2},"end":{"line":14,"column":75}},"2":{"start":{"line":14,"column":18},"end":{"line":14,"column":75}},"3":{"start":{"line":18,"column":18},"end":{"line":18,"column":70}},"4":{"start":{"line":20,"column":2},"end":{"line":20,"column":73}},"5":{"start":{"line":20,"column":16},"end":{"line":20,"column":73}},"6":{"start":{"line":23,"column":2},"end":{"line":31,"column":3}},"7":{"start":{"line":24,"column":23},"end":{"line":26,"column":13}},"8":{"start":{"line":29,"column":4},"end":{"line":30,"column":70}},"9":{"start":{"line":30,"column":6},"end":{"line":30,"column":70}},"10":{"start":{"line":35,"column":69},"end":{"line":35,"column":78}},"11":{"start":{"line":38,"column":40},"end":{"line":38,"column":70}},"12":{"start":{"line":41,"column":20},"end":{"line":41,"column":69}},"13":{"start":{"line":42,"column":2},"end":{"line":46,"column":5}},"14":{"start":{"line":47,"column":2},"end":{"line":47,"column":39}},"15":{"start":{"line":51,"column":2},"end":{"line":51,"column":66}},"16":{"start":{"line":53,"column":2},"end":{"line":53,"column":58}},"17":{"start":{"line":53,"column":14},"end":{"line":53,"column":58}},"18":{"start":{"line":55,"column":18},"end":{"line":55,"column":49}},"19":{"start":{"line":56,"column":2},"end":{"line":56,"column":60}},"20":{"start":{"line":58,"column":21},"end":{"line":58,"column":74}},"21":{"start":{"line":59,"column":2},"end":{"line":59,"column":90}},"22":{"start":{"line":61,"column":2},"end":{"line":70,"column":3}},"23":{"start":{"line":62,"column":23},"end":{"line":64,"column":13}},"24":{"start":{"line":66,"column":4},"end":{"line":68,"column":5}},"25":{"start":{"line":67,"column":6},"end":{"line":67,"column":78}},"26":{"start":{"line":69,"column":4},"end":{"line":69,"column":44}},"27":{"start":{"line":73,"column":2},"end":{"line":75,"column":3}},"28":{"start":{"line":74,"column":4},"end":{"line":74,"column":66}},"29":{"start":{"line":77,"column":17},"end":{"line":77,"column":47}},"30":{"start":{"line":78,"column":2},"end":{"line":78,"column":76}},"31":{"start":{"line":78,"column":33},"end":{"line":78,"column":76}},"32":{"start":{"line":81,"column":2},"end":{"line":81,"column":31}},"33":{"start":{"line":88,"column":6},"end":{"line":88,"column":50}},"34":{"start":{"line":91,"column":40},"end":{"line":91,"column":70}},"35":{"start":{"line":94,"column":20},"end":{"line":94,"column":69}},"36":{"start":{"line":95,"column":2},"end":{"line":99,"column":5}},"37":{"start":{"line":101,"column":2},"end":{"line":101,"column":39}},"38":{"start":{"line":105,"column":2},"end":{"line":105,"column":66}}},"fnMap":{"0":{"name":"processLogin","decl":{"start":{"line":8,"column":22},"end":{"line":8,"column":34}},"loc":{"start":{"line":8,"column":63},"end":{"line":48,"column":1}},"line":8},"1":{"name":"processRefreshToken","decl":{"start":{"line":50,"column":22},"end":{"line":50,"column":41}},"loc":{"start":{"line":50,"column":49},"end":{"line":102,"column":1}},"line":50},"2":{"name":"deleteUserToken","decl":{"start":{"line":104,"column":22},"end":{"line":104,"column":37}},"loc":{"start":{"line":104,"column":45},"end":{"line":106,"column":1}},"line":104}},"branchMap":{"0":{"loc":{"start":{"line":14,"column":2},"end":{"line":14,"column":75}},"type":"if","locations":[{"start":{"line":14,"column":2},"end":{"line":14,"column":75}},{"start":{},"end":{}}],"line":14},"1":{"loc":{"start":{"line":20,"column":2},"end":{"line":20,"column":73}},"type":"if","locations":[{"start":{"line":20,"column":2},"end":{"line":20,"column":73}},{"start":{},"end":{}}],"line":20},"2":{"loc":{"start":{"line":23,"column":2},"end":{"line":31,"column":3}},"type":"if","locations":[{"start":{"line":23,"column":2},"end":{"line":31,"column":3}},{"start":{},"end":{}}],"line":23},"3":{"loc":{"start":{"line":29,"column":4},"end":{"line":30,"column":70}},"type":"if","locations":[{"start":{"line":29,"column":4},"end":{"line":30,"column":70}},{"start":{},"end":{}}],"line":29},"4":{"loc":{"start":{"line":53,"column":2},"end":{"line":53,"column":58}},"type":"if","locations":[{"start":{"line":53,"column":2},"end":{"line":53,"column":58}},{"start":{},"end":{}}],"line":53},"5":{"loc":{"start":{"line":61,"column":2},"end":{"line":70,"column":3}},"type":"if","locations":[{"start":{"line":61,"column":2},"end":{"line":70,"column":3}},{"start":{},"end":{}}],"line":61},"6":{"loc":{"start":{"line":66,"column":4},"end":{"line":68,"column":5}},"type":"if","locations":[{"start":{"line":66,"column":4},"end":{"line":68,"column":5}},{"start":{},"end":{}}],"line":66},"7":{"loc":{"start":{"line":73,"column":2},"end":{"line":75,"column":3}},"type":"if","locations":[{"start":{"line":73,"column":2},"end":{"line":75,"column":3}},{"start":{},"end":{}}],"line":73},"8":{"loc":{"start":{"line":73,"column":6},"end":{"line":73,"column":46}},"type":"binary-expr","locations":[{"start":{"line":73,"column":6},"end":{"line":73,"column":22}},{"start":{"line":73,"column":26},"end":{"line":73,"column":46}}],"line":73},"9":{"loc":{"start":{"line":78,"column":2},"end":{"line":78,"column":76}},"type":"if","locations":[{"start":{"line":78,"column":2},"end":{"line":78,"column":76}},{"start":{},"end":{}}],"line":78}},"s":{"0":5,"1":5,"2":1,"3":4,"4":4,"5":1,"6":3,"7":1,"8":1,"9":1,"10":3,"11":3,"12":3,"13":3,"14":3,"15":7,"16":7,"17":3,"18":4,"19":4,"20":4,"21":4,"22":4,"23":1,"24":1,"25":0,"26":1,"27":3,"28":1,"29":2,"30":2,"31":1,"32":1,"33":1,"34":1,"35":1,"36":1,"37":1,"38":3},"f":{"0":5,"1":7,"2":3},"b":{"0":[1,4],"1":[1,3],"2":[1,2],"3":[1,0],"4":[3,4],"5":[1,3],"6":[0,1],"7":[1,2],"8":[3,2],"9":[1,1]},"inputSourceMap":null,"_coverageSchema":"1a1c01bbd47fc00a2c39e90264f33305004495a9","hash":"cba9ca73f9e02d0400b2b8e94a1a64c6e2823edc"}
,"C:\\engSoftware\\TP1_V4\\biblioteca-digital\\biblioteca-digital-backend\\src\\services\\UserService.js": {"path":"C:\\engSoftware\\TP1_V4\\biblioteca-digital\\biblioteca-digital-backend\\src\\services\\UserService.js","statementMap":{"0":{"start":{"line":5,"column":2},"end":{"line":5,"column":52}},"1":{"start":{"line":9,"column":20},"end":{"line":9,"column":63}},"2":{"start":{"line":10,"column":2},"end":{"line":10,"column":60}},"3":{"start":{"line":10,"column":18},"end":{"line":10,"column":60}},"4":{"start":{"line":12,"column":2},"end":{"line":12,"column":19}},"5":{"start":{"line":19,"column":23},"end":{"line":19,"column":88}},"6":{"start":{"line":20,"column":2},"end":{"line":22,"column":3}},"7":{"start":{"line":21,"column":4},"end":{"line":21,"column":44}},"8":{"start":{"line":25,"column":2},"end":{"line":27,"column":3}},"9":{"start":{"line":26,"column":4},"end":{"line":26,"column":90}},"10":{"start":{"line":30,"column":19},"end":{"line":30,"column":48}},"11":{"start":{"line":33,"column":25},"end":{"line":33,"column":63}},"12":{"start":{"line":35,"column":2},"end":{"line":39,"column":5}},"13":{"start":{"line":42,"column":35},"end":{"line":48,"column":14}},"14":{"start":{"line":50,"column":2},"end":{"line":50,"column":17}},"15":{"start":{"line":54,"column":20},"end":{"line":54,"column":56}},"16":{"start":{"line":55,"column":2},"end":{"line":55,"column":60}},"17":{"start":{"line":55,"column":18},"end":{"line":55,"column":60}},"18":{"start":{"line":58,"column":2},"end":{"line":60,"column":3}},"19":{"start":{"line":59,"column":4},"end":{"line":59,"column":64}},"20":{"start":{"line":62,"column":39},"end":{"line":62,"column":89}},"21":{"start":{"line":63,"column":2},"end":{"line":63,"column":21}},"22":{"start":{"line":67,"column":20},"end":{"line":67,"column":56}},"23":{"start":{"line":68,"column":2},"end":{"line":68,"column":60}},"24":{"start":{"line":68,"column":18},"end":{"line":68,"column":60}},"25":{"start":{"line":70,"column":2},"end":{"line":70,"column":30}}},"fnMap":{"0":{"name":"get","decl":{"start":{"line":4,"column":22},"end":{"line":4,"column":25}},"loc":{"start":{"line":4,"column":40},"end":{"line":6,"column":1}},"line":4},"1":{"name":"getById","decl":{"start":{"line":8,"column":22},"end":{"line":8,"column":29}},"loc":{"start":{"line":8,"column":35},"end":{"line":13,"column":1}},"line":8},"2":{"name":"create","decl":{"start":{"line":17,"column":22},"end":{"line":17,"column":28}},"loc":{"start":{"line":17,"column":60},"end":{"line":51,"column":1}},"line":17},"3":{"name":"update","decl":{"start":{"line":53,"column":22},"end":{"line":53,"column":28}},"loc":{"start":{"line":53,"column":49},"end":{"line":64,"column":1}},"line":53},"4":{"name":"destroy","decl":{"start":{"line":66,"column":22},"end":{"line":66,"column":29}},"loc":{"start":{"line":66,"column":35},"end":{"line":71,"column":1}},"line":66}},"branchMap":{"0":{"loc":{"start":{"line":10,"column":2},"end":{"line":10,"column":60}},"type":"if","locations":[{"start":{"line":10,"column":2},"end":{"line":10,"column":60}},{"start":{},"end":{}}],"line":10},"1":{"loc":{"start":{"line":17,"column":40},"end":{"line":17,"column":58}},"type":"default-arg","locations":[{"start":{"line":17,"column":54},"end":{"line":17,"column":58}}],"line":17},"2":{"loc":{"start":{"line":20,"column":2},"end":{"line":22,"column":3}},"type":"if","locations":[{"start":{"line":20,"column":2},"end":{"line":22,"column":3}},{"start":{},"end":{}}],"line":20},"3":{"loc":{"start":{"line":25,"column":2},"end":{"line":27,"column":3}},"type":"if","locations":[{"start":{"line":25,"column":2},"end":{"line":27,"column":3}},{"start":{},"end":{}}],"line":25},"4":{"loc":{"start":{"line":25,"column":6},"end":{"line":25,"column":65}},"type":"binary-expr","locations":[{"start":{"line":25,"column":6},"end":{"line":25,"column":23}},{"start":{"line":25,"column":28},"end":{"line":25,"column":40}},{"start":{"line":25,"column":44},"end":{"line":25,"column":64}}],"line":25},"5":{"loc":{"start":{"line":55,"column":2},"end":{"line":55,"column":60}},"type":"if","locations":[{"start":{"line":55,"column":2},"end":{"line":55,"column":60}},{"start":{},"end":{}}],"line":55},"6":{"loc":{"start":{"line":58,"column":2},"end":{"line":60,"column":3}},"type":"if","locations":[{"start":{"line":58,"column":2},"end":{"line":60,"column":3}},{"start":{},"end":{}}],"line":58},"7":{"loc":{"start":{"line":68,"column":2},"end":{"line":68,"column":60}},"type":"if","locations":[{"start":{"line":68,"column":2},"end":{"line":68,"column":60}},{"start":{},"end":{}}],"line":68}},"s":{"0":1,"1":2,"2":2,"3":1,"4":1,"5":3,"6":3,"7":1,"8":2,"9":1,"10":1,"11":1,"12":1,"13":1,"14":1,"15":2,"16":2,"17":1,"18":1,"19":1,"20":1,"21":1,"22":2,"23":2,"24":1,"25":1},"f":{"0":1,"1":2,"2":3,"3":2,"4":2},"b":{"0":[1,1],"1":[2],"2":[1,2],"3":[1,1],"4":[2,1,0],"5":[1,1],"6":[1,0],"7":[1,1]},"inputSourceMap":null,"_coverageSchema":"1a1c01bbd47fc00a2c39e90264f33305004495a9","hash":"5fd727ac00cd782bfa8e3c9f0327f68ca6840484"}
,"C:\\engSoftware\\TP1_V4\\biblioteca-digital\\biblioteca-digital-backend\\src\\utils\\general\\constants.js": {"path":"C:\\engSoftware\\TP1_V4\\biblioteca-digital\\biblioteca-digital-backend\\src\\utils\\general\\constants.js","statementMap":{"0":{"start":{"line":2,"column":29},"end":{"line":6,"column":1}},"1":{"start":{"line":9,"column":27},"end":{"line":16,"column":1}},"2":{"start":{"line":17,"column":27},"end":{"line":24,"column":1}},"3":{"start":{"line":27,"column":27},"end":{"line":30,"column":1}},"4":{"start":{"line":33,"column":32},"end":{"line":40,"column":1}}},"fnMap":{},"branchMap":{},"s":{"0":11,"1":11,"2":11,"3":11,"4":11},"f":{},"b":{},"inputSourceMap":null,"_coverageSchema":"1a1c01bbd47fc00a2c39e90264f33305004495a9","hash":"1f0a1c60a9d9b5fc13cb6e943d35f09ba43c5a02"}
,"C:\\engSoftware\\TP1_V4\\biblioteca-digital\\biblioteca-digital-backend\\src\\utils\\general\\convertStringToRegexp.js": {"path":"C:\\engSoftware\\TP1_V4\\biblioteca-digital\\biblioteca-digital-backend\\src\\utils\\general\\convertStringToRegexp.js","statementMap":{"0":{"start":{"line":2,"column":25},"end":{"line":6,"column":18}},"1":{"start":{"line":8,"column":17},"end":{"line":16,"column":31}},"2":{"start":{"line":18,"column":2},"end":{"line":18,"column":33}}},"fnMap":{"0":{"name":"convertStringToRegexp","decl":{"start":{"line":1,"column":24},"end":{"line":1,"column":45}},"loc":{"start":{"line":1,"column":52},"end":{"line":19,"column":1}},"line":1}},"branchMap":{},"s":{"0":4,"1":4,"2":4},"f":{"0":4},"b":{},"inputSourceMap":null,"_coverageSchema":"1a1c01bbd47fc00a2c39e90264f33305004495a9","hash":"cc64bdc5b86af7fc6210edb8d53a8c527540c929"}
,"C:\\engSoftware\\TP1_V4\\biblioteca-digital\\biblioteca-digital-backend\\src\\utils\\general\\formatExpiresAt.js": {"path":"C:\\engSoftware\\TP1_V4\\biblioteca-digital\\biblioteca-digital-backend\\src\\utils\\general\\formatExpiresAt.js","statementMap":{"0":{"start":{"line":2,"column":35},"end":{"line":2,"column":39}},"1":{"start":{"line":3,"column":2},"end":{"line":3,"column":69}}},"fnMap":{"0":{"name":"formatExpiresAt","decl":{"start":{"line":1,"column":24},"end":{"line":1,"column":39}},"loc":{"start":{"line":1,"column":61},"end":{"line":4,"column":1}},"line":1}},"branchMap":{},"s":{"0":4,"1":4},"f":{"0":4},"b":{},"inputSourceMap":null,"_coverageSchema":"1a1c01bbd47fc00a2c39e90264f33305004495a9","hash":"ee23538e3c1701b426a1b9fdad6eaba40946ee9b"}
,"C:\\engSoftware\\TP1_V4\\biblioteca-digital\\biblioteca-digital-backend\\src\\utils\\libs\\bcrypt.js": {"path":"C:\\engSoftware\\TP1_V4\\biblioteca-digital\\biblioteca-digital-backend\\src\\utils\\libs\\bcrypt.js","statementMap":{"0":{"start":{"line":4,"column":22},"end":{"line":4,"column":24}},"1":{"start":{"line":6,"column":2},"end":{"line":9,"column":5}},"2":{"start":{"line":11,"column":15},"end":{"line":11,"column":48}},"3":{"start":{"line":12,"column":25},"end":{"line":12,"column":58}},"4":{"start":{"line":14,"column":2},"end":{"line":16,"column":5}},"5":{"start":{"line":18,"column":2},"end":{"line":18,"column":24}},"6":{"start":{"line":22,"column":2},"end":{"line":27,"column":5}},"7":{"start":{"line":29,"column":2},"end":{"line":29,"column":40}}},"fnMap":{"0":{"name":"hashPassword","decl":{"start":{"line":3,"column":22},"end":{"line":3,"column":34}},"loc":{"start":{"line":3,"column":45},"end":{"line":19,"column":1}},"line":3},"1":{"name":"comparePasswords","decl":{"start":{"line":21,"column":22},"end":{"line":21,"column":38}},"loc":{"start":{"line":21,"column":55},"end":{"line":30,"column":1}},"line":21}},"branchMap":{},"s":{"0":11,"1":11,"2":11,"3":11,"4":11,"5":11,"6":4,"7":4},"f":{"0":11,"1":4},"b":{},"inputSourceMap":null,"_coverageSchema":"1a1c01bbd47fc00a2c39e90264f33305004495a9","hash":"7dc71747534fcfe352c393a4a2b94a4f3076cb02"}
,"C:\\engSoftware\\TP1_V4\\biblioteca-digital\\biblioteca-digital-backend\\src\\utils\\libs\\emailService.js": {"path":"C:\\engSoftware\\TP1_V4\\biblioteca-digital\\biblioteca-digital-backend\\src\\utils\\libs\\emailService.js","statementMap":{"0":{"start":{"line":10,"column":2},"end":{"line":10,"column":62}},"1":{"start":{"line":12,"column":2},"end":{"line":157,"column":3}},"2":{"start":{"line":16,"column":4},"end":{"line":46,"column":5}},"3":{"start":{"line":17,"column":6},"end":{"line":17,"column":62}},"4":{"start":{"line":18,"column":6},"end":{"line":18,"column":67}},"5":{"start":{"line":20,"column":6},"end":{"line":26,"column":9}},"6":{"start":{"line":28,"column":6},"end":{"line":28,"column":54}},"7":{"start":{"line":31,"column":6},"end":{"line":31,"column":78}},"8":{"start":{"line":32,"column":26},"end":{"line":32,"column":62}},"9":{"start":{"line":33,"column":6},"end":{"line":33,"column":64}},"10":{"start":{"line":35,"column":6},"end":{"line":43,"column":9}},"11":{"start":{"line":45,"column":6},"end":{"line":45,"column":59}},"12":{"start":{"line":48,"column":25},"end":{"line":111,"column":5}},"13":{"start":{"line":113,"column":20},"end":{"line":113,"column":72}},"14":{"start":{"line":115,"column":4},"end":{"line":115,"column":94}},"15":{"start":{"line":116,"column":4},"end":{"line":116,"column":35}},"16":{"start":{"line":117,"column":4},"end":{"line":117,"column":53}},"17":{"start":{"line":118,"column":4},"end":{"line":118,"column":72}},"18":{"start":{"line":120,"column":17},"end":{"line":120,"column":57}},"19":{"start":{"line":122,"column":4},"end":{"line":122,"column":49}},"20":{"start":{"line":123,"column":4},"end":{"line":123,"column":50}},"21":{"start":{"line":125,"column":4},"end":{"line":131,"column":5}},"22":{"start":{"line":126,"column":6},"end":{"line":126,"column":54}},"23":{"start":{"line":127,"column":6},"end":{"line":127,"column":63}},"24":{"start":{"line":129,"column":6},"end":{"line":129,"column":74}},"25":{"start":{"line":130,"column":6},"end":{"line":130,"column":72}},"26":{"start":{"line":133,"column":4},"end":{"line":137,"column":6}},"27":{"start":{"line":140,"column":4},"end":{"line":140,"column":65}},"28":{"start":{"line":141,"column":4},"end":{"line":141,"column":49}},"29":{"start":{"line":144,"column":4},"end":{"line":144,"column":67}},"30":{"start":{"line":145,"column":4},"end":{"line":145,"column":35}},"31":{"start":{"line":146,"column":4},"end":{"line":146,"column":74}},"32":{"start":{"line":147,"column":4},"end":{"line":147,"column":44}},"33":{"start":{"line":148,"column":4},"end":{"line":148,"column":61}},"34":{"start":{"line":149,"column":4},"end":{"line":149,"column":65}},"35":{"start":{"line":150,"column":4},"end":{"line":150,"column":67}},"36":{"start":{"line":152,"column":4},"end":{"line":156,"column":6}}},"fnMap":{"0":{"name":"sendArticleNotificationEmail","decl":{"start":{"line":3,"column":22},"end":{"line":3,"column":50}},"loc":{"start":{"line":9,"column":3},"end":{"line":158,"column":1}},"line":9}},"branchMap":{"0":{"loc":{"start":{"line":16,"column":4},"end":{"line":46,"column":5}},"type":"if","locations":[{"start":{"line":16,"column":4},"end":{"line":46,"column":5}},{"start":{"line":29,"column":11},"end":{"line":46,"column":5}}],"line":16},"1":{"loc":{"start":{"line":16,"column":8},"end":{"line":16,"column":56}},"type":"binary-expr","locations":[{"start":{"line":16,"column":8},"end":{"line":16,"column":30}},{"start":{"line":16,"column":34},"end":{"line":16,"column":56}}],"line":16},"2":{"loc":{"start":{"line":49,"column":12},"end":{"line":49,"column":70}},"type":"binary-expr","locations":[{"start":{"line":49,"column":12},"end":{"line":49,"column":34}},{"start":{"line":49,"column":38},"end":{"line":49,"column":70}}],"line":49},"3":{"loc":{"start":{"line":113,"column":23},"end":{"line":113,"column":71}},"type":"binary-expr","locations":[{"start":{"line":113,"column":23},"end":{"line":113,"column":45}},{"start":{"line":113,"column":49},"end":{"line":113,"column":71}}],"line":113},"4":{"loc":{"start":{"line":115,"column":37},"end":{"line":115,"column":89}},"type":"cond-expr","locations":[{"start":{"line":115,"column":47},"end":{"line":115,"column":63}},{"start":{"line":115,"column":66},"end":{"line":115,"column":89}}],"line":115},"5":{"loc":{"start":{"line":118,"column":30},"end":{"line":118,"column":70}},"type":"cond-expr","locations":[{"start":{"line":118,"column":40},"end":{"line":118,"column":52}},{"start":{"line":118,"column":55},"end":{"line":118,"column":70}}],"line":118},"6":{"loc":{"start":{"line":125,"column":4},"end":{"line":131,"column":5}},"type":"if","locations":[{"start":{"line":125,"column":4},"end":{"line":131,"column":5}},{"start":{"line":128,"column":11},"end":{"line":131,"column":5}}],"line":125}},"s":{"0":3,"1":3,"2":3,"3":0,"4":0,"5":0,"6":0,"7":3,"8":3,"9":3,"10":3,"11":3,"12":3,"13":3,"14":3,"15":3,"16":3,"17":3,"18":3,"19":2,"20":2,"21":2,"22":0,"23":0,"24":2,"25":2,"26":2,"27":1,"28":1,"29":1,"30":1,"31":1,"32":1,"33":1,"34":1,"35":1,"36":1},"f":{"0":3},"b":{"0":[0,3],"1":[3,0],"2":[3,3],"3":[3,0],"4":[0,3],"5":[0,3],"6":[0,2]},"inputSourceMap":null,"_coverageSchema":"1a1c01bbd47fc00a2c39e90264f33305004495a9","hash":"f6c98abe1dc8e9c8147631332d4b3ebfce17cd92"}
,"C:\\engSoftware\\TP1_V4\\biblioteca-digital\\biblioteca-digital-backend\\src\\utils\\libs\\jwt.js": {"path":"C:\\engSoftware\\TP1_V4\\biblioteca-digital\\biblioteca-digital-backend\\src\\utils\\libs\\jwt.js","statementMap":{"0":{"start":{"line":4,"column":22},"end":{"line":10,"column":3}},"1":{"start":{"line":11,"column":23},"end":{"line":15,"column":3}},"2":{"start":{"line":17,"column":2},"end":{"line":17,"column":39}},"3":{"start":{"line":20,"column":21},"end":{"line":26,"column":3}},"4":{"start":{"line":27,"column":2},"end":{"line":27,"column":20}},"5":{"start":{"line":30,"column":24},"end":{"line":36,"column":3}},"6":{"start":{"line":37,"column":2},"end":{"line":37,"column":23}},"7":{"start":{"line":41,"column":2},"end":{"line":46,"column":5}},"8":{"start":{"line":42,"column":4},"end":{"line":45,"column":7}},"9":{"start":{"line":43,"column":6},"end":{"line":44,"column":28}},"10":{"start":{"line":43,"column":15},"end":{"line":43,"column":27}},"11":{"start":{"line":44,"column":11},"end":{"line":44,"column":28}},"12":{"start":{"line":49,"column":2},"end":{"line":54,"column":5}},"13":{"start":{"line":50,"column":4},"end":{"line":53,"column":7}},"14":{"start":{"line":51,"column":6},"end":{"line":52,"column":28}},"15":{"start":{"line":51,"column":15},"end":{"line":51,"column":27}},"16":{"start":{"line":52,"column":11},"end":{"line":52,"column":28}},"17":{"start":{"line":57,"column":2},"end":{"line":62,"column":5}},"18":{"start":{"line":58,"column":4},"end":{"line":61,"column":7}},"19":{"start":{"line":59,"column":6},"end":{"line":60,"column":28}},"20":{"start":{"line":59,"column":15},"end":{"line":59,"column":27}},"21":{"start":{"line":60,"column":11},"end":{"line":60,"column":28}},"22":{"start":{"line":65,"column":2},"end":{"line":70,"column":5}},"23":{"start":{"line":66,"column":4},"end":{"line":69,"column":7}},"24":{"start":{"line":67,"column":6},"end":{"line":68,"column":28}},"25":{"start":{"line":67,"column":15},"end":{"line":67,"column":27}},"26":{"start":{"line":68,"column":11},"end":{"line":68,"column":28}}},"fnMap":{"0":{"name":"signSessionJwts","decl":{"start":{"line":3,"column":16},"end":{"line":3,"column":31}},"loc":{"start":{"line":3,"column":38},"end":{"line":18,"column":1}},"line":3},"1":{"name":"signConfirmEmailJwt","decl":{"start":{"line":19,"column":16},"end":{"line":19,"column":35}},"loc":{"start":{"line":19,"column":44},"end":{"line":28,"column":1}},"line":19},"2":{"name":"signForgotPasswordJwt","decl":{"start":{"line":29,"column":16},"end":{"line":29,"column":37}},"loc":{"start":{"line":29,"column":46},"end":{"line":38,"column":1}},"line":29},"3":{"name":"decodeRefreshToken","decl":{"start":{"line":40,"column":16},"end":{"line":40,"column":34}},"loc":{"start":{"line":40,"column":42},"end":{"line":47,"column":1}},"line":40},"4":{"name":"(anonymous_4)","decl":{"start":{"line":41,"column":21},"end":{"line":41,"column":22}},"loc":{"start":{"line":41,"column":42},"end":{"line":46,"column":3}},"line":41},"5":{"name":"(anonymous_5)","decl":{"start":{"line":42,"column":56},"end":{"line":42,"column":57}},"loc":{"start":{"line":42,"column":74},"end":{"line":45,"column":5}},"line":42},"6":{"name":"decodeAccessToken","decl":{"start":{"line":48,"column":16},"end":{"line":48,"column":33}},"loc":{"start":{"line":48,"column":41},"end":{"line":55,"column":1}},"line":48},"7":{"name":"(anonymous_7)","decl":{"start":{"line":49,"column":21},"end":{"line":49,"column":22}},"loc":{"start":{"line":49,"column":42},"end":{"line":54,"column":3}},"line":49},"8":{"name":"(anonymous_8)","decl":{"start":{"line":50,"column":55},"end":{"line":50,"column":56}},"loc":{"start":{"line":50,"column":73},"end":{"line":53,"column":5}},"line":50},"9":{"name":"decodeConfirmEmailToken","decl":{"start":{"line":56,"column":16},"end":{"line":56,"column":39}},"loc":{"start":{"line":56,"column":47},"end":{"line":63,"column":1}},"line":56},"10":{"name":"(anonymous_10)","decl":{"start":{"line":57,"column":21},"end":{"line":57,"column":22}},"loc":{"start":{"line":57,"column":42},"end":{"line":62,"column":3}},"line":57},"11":{"name":"(anonymous_11)","decl":{"start":{"line":58,"column":54},"end":{"line":58,"column":55}},"loc":{"start":{"line":58,"column":72},"end":{"line":61,"column":5}},"line":58},"12":{"name":"decodeForgotPasswordToken","decl":{"start":{"line":64,"column":16},"end":{"line":64,"column":41}},"loc":{"start":{"line":64,"column":49},"end":{"line":71,"column":1}},"line":64},"13":{"name":"(anonymous_13)","decl":{"start":{"line":65,"column":21},"end":{"line":65,"column":22}},"loc":{"start":{"line":65,"column":42},"end":{"line":70,"column":3}},"line":65},"14":{"name":"(anonymous_14)","decl":{"start":{"line":66,"column":57},"end":{"line":66,"column":58}},"loc":{"start":{"line":66,"column":75},"end":{"line":69,"column":5}},"line":66}},"branchMap":{"0":{"loc":{"start":{"line":43,"column":6},"end":{"line":44,"column":28}},"type":"if","locations":[{"start":{"line":43,"column":6},"end":{"line":44,"column":28}},{"start":{"line":44,"column":11},"end":{"line":44,"column":28}}],"line":43},"1":{"loc":{"start":{"line":51,"column":6},"end":{"line":52,"column":28}},"type":"if","locations":[{"start":{"line":51,"column":6},"end":{"line":52,"column":28}},{"start":{"line":52,"column":11},"end":{"line":52,"column":28}}],"line":51},"2":{"loc":{"start":{"line":59,"column":6},"end":{"line":60,"column":28}},"type":"if","locations":[{"start":{"line":59,"column":6},"end":{"line":60,"column":28}},{"start":{"line":60,"column":11},"end":{"line":60,"column":28}}],"line":59},"3":{"loc":{"start":{"line":67,"column":6},"end":{"line":68,"column":28}},"type":"if","locations":[{"start":{"line":67,"column":6},"end":{"line":68,"column":28}},{"start":{"line":68,"column":11},"end":{"line":68,"column":28}}],"line":67}},"s":{"0":16,"1":16,"2":16,"3":7,"4":7,"5":6,"6":6,"7":11,"8":11,"9":11,"10":4,"11":7,"12":6,"13":6,"14":6,"15":4,"16":2,"17":5,"18":5,"19":5,"20":3,"21":2,"22":8,"23":8,"24":8,"25":4,"26":4},"f":{"0":16,"1":7,"2":6,"3":11,"4":11,"5":11,"6":6,"7":6,"8":6,"9":5,"10":5,"11":5,"12":8,"13":8,"14":8},"b":{"0":[4,7],"1":[4,2],"2":[3,2],"3":[4,4]},"inputSourceMap":null,"_coverageSchema":"1a1c01bbd47fc00a2c39e90264f33305004495a9","hash":"a4146867a50f12c43e12aeca75b712674ca035bf"}
}
