TN:
SF:src\config\logger.js
FNF:0
FNH:0
DA:4,9
DA:10,9
LF:2
LH:2
BRDA:13,0,0,9
BRDA:13,0,1,9
BRF:2
BRH:2
end_of_record
TN:
SF:src\config\mongo.js
FN:8,mongoConfig
FN:9,(anonymous_1)
FN:21,(anonymous_2)
FN:27,(anonymous_3)
FN:34,(anonymous_4)
FNF:5
FNH:0
FNDA:0,mongoConfig
FNDA:0,(anonymous_1)
FNDA:0,(anonymous_2)
FNDA:0,(anonymous_3)
FNDA:0,(anonymous_4)
DA:6,9
DA:9,0
DA:11,0
DA:18,0
DA:19,0
DA:22,0
DA:25,0
DA:28,0
DA:31,0
DA:34,0
DA:35,0
DA:42,9
LF:12
LH:2
BRF:0
BRH:0
end_of_record
TN:
SF:src\errors\baseErrors.js
FN:5,(anonymous_0)
FN:14,(anonymous_1)
FN:20,(anonymous_2)
FN:26,(anonymous_3)
FN:32,(anonymous_4)
FN:38,(anonymous_5)
FN:44,(anonymous_6)
FN:50,(anonymous_7)
FNF:8
FNH:8
FNDA:52,(anonymous_0)
FNDA:2,(anonymous_1)
FNDA:8,(anonymous_2)
FNDA:5,(anonymous_3)
FNDA:19,(anonymous_4)
FNDA:4,(anonymous_5)
FNDA:2,(anonymous_6)
FNDA:9,(anonymous_7)
DA:6,52
DA:7,52
DA:8,52
DA:9,52
DA:15,2
DA:21,8
DA:27,5
DA:33,19
DA:39,4
DA:45,2
DA:51,9
LF:11
LH:11
BRDA:50,0,0,1
BRF:1
BRH:1
end_of_record
TN:
SF:src\models\ArticleModel.js
FNF:0
FNH:0
DA:6,7
DA:49,7
LF:2
LH:2
BRF:0
BRH:0
end_of_record
TN:
SF:src\models\EditionsModel.js
FN:38,(anonymous_0)
FNF:1
FNH:0
FNDA:0,(anonymous_0)
DA:10,6
DA:33,6
DA:35,6
DA:39,0
DA:40,0
DA:43,6
LF:6
LH:4
BRF:0
BRH:0
end_of_record
TN:
SF:src\models\EmailNotificationModel.js
FNF:0
FNH:0
DA:4,1
DA:27,1
LF:2
LH:2
BRF:0
BRH:0
end_of_record
TN:
SF:src\models\EventsModel.js
FN:33,(anonymous_0)
FNF:1
FNH:0
FNDA:0,(anonymous_0)
DA:6,4
DA:30,4
DA:34,0
DA:35,0
DA:38,4
LF:5
LH:3
BRF:0
BRH:0
end_of_record
TN:
SF:src\models\UserModel.js
FN:45,(anonymous_0)
FNF:1
FNH:0
FNDA:0,(anonymous_0)
DA:6,2
DA:42,2
DA:46,0
DA:52,2
LF:4
LH:3
BRF:0
BRH:0
end_of_record
TN:
SF:src\models\UserSessionTokenModel.js
FN:28,(anonymous_0)
FNF:1
FNH:1
FNDA:11,(anonymous_0)
DA:6,1
DA:28,1
DA:29,11
DA:32,11
DA:35,1
LF:5
LH:5
BRF:0
BRH:0
end_of_record
TN:
SF:src\services\ArticleService.js
FN:10,get
FN:22,getById
FN:36,create
FN:86,update
FN:93,destroy
FN:100,searchByName
FN:116,searchArticle
FN:161,(anonymous_7)
FN:183,(anonymous_8)
FN:214,(anonymous_9)
FN:215,(anonymous_10)
FN:221,(anonymous_11)
FNF:12
FNH:8
FNDA:2,get
FNDA:3,getById
FNDA:7,create
FNDA:5,update
FNDA:4,destroy
FNDA:2,searchByName
FNDA:3,searchArticle
FNDA:0,(anonymous_7)
FNDA:0,(anonymous_8)
FNDA:2,(anonymous_9)
FNDA:0,(anonymous_10)
FNDA:0,(anonymous_11)
DA:11,2
DA:23,3
DA:32,3
DA:33,1
DA:37,7
DA:40,6
DA:51,5
DA:52,1
DA:53,1
DA:55,1
DA:61,1
DA:62,0
DA:63,0
DA:71,0
DA:73,0
DA:78,0
DA:83,5
DA:87,5
DA:88,5
DA:90,1
DA:94,4
DA:95,4
DA:97,1
DA:101,2
DA:102,2
DA:104,2
DA:117,3
DA:120,3
DA:125,3
DA:126,1
DA:133,2
DA:136,2
DA:145,2
DA:150,2
DA:153,2
DA:154,2
DA:161,2
DA:162,2
DA:165,2
DA:166,2
DA:168,2
DA:169,2
DA:170,0
DA:173,0
DA:175,2
DA:178,0
DA:179,0
DA:183,2
DA:184,2
DA:187,2
DA:189,2
DA:190,2
DA:191,0
DA:197,0
DA:203,2
DA:208,0
DA:209,0
DA:213,2
DA:214,2
DA:215,2
DA:217,2
DA:218,2
DA:221,2
DA:222,0
DA:223,0
DA:224,0
DA:227,2
LF:67
LH:51
BRDA:32,0,0,2
BRDA:32,0,1,1
BRDA:51,1,0,1
BRDA:51,1,1,4
BRDA:51,2,0,5
BRDA:51,2,1,5
BRDA:67,3,0,0
BRDA:67,3,1,0
BRDA:68,4,0,0
BRDA:68,4,1,0
BRDA:88,5,0,4
BRDA:88,5,1,1
BRDA:95,6,0,3
BRDA:95,6,1,1
BRDA:102,7,0,0
BRDA:102,7,1,2
BRDA:116,8,0,2
BRDA:125,9,0,1
BRDA:125,9,1,2
BRDA:133,10,0,2
BRDA:133,10,1,0
BRDA:161,11,0,0
BRDA:161,11,1,2
BRDA:169,12,0,0
BRDA:169,12,1,2
BRDA:183,13,0,0
BRDA:183,13,1,2
BRDA:190,14,0,0
BRDA:190,14,1,2
BRDA:222,15,0,0
BRDA:222,15,1,0
BRDA:223,16,0,0
BRDA:223,16,1,0
BRF:33
BRH:19
end_of_record
TN:
SF:src\services\BulkArticleService.js
FN:16,(anonymous_0)
FN:23,(anonymous_1)
FN:64,(anonymous_2)
FN:134,(anonymous_3)
FN:145,(anonymous_4)
FN:161,(anonymous_5)
FN:192,(anonymous_6)
FN:234,(anonymous_7)
FN:351,(anonymous_8)
FN:367,(anonymous_9)
FN:379,(anonymous_10)
FN:384,(anonymous_11)
FN:385,(anonymous_12)
FN:388,(anonymous_13)
FN:410,(anonymous_14)
FN:436,(anonymous_15)
FN:437,(anonymous_16)
FN:445,(anonymous_17)
FN:473,(anonymous_18)
FN:483,(anonymous_19)
FN:495,(anonymous_20)
FNF:21
FNH:12
FNDA:160,(anonymous_0)
FNDA:35,(anonymous_1)
FNDA:17,(anonymous_2)
FNDA:0,(anonymous_3)
FNDA:0,(anonymous_4)
FNDA:99,(anonymous_5)
FNDA:234,(anonymous_6)
FNDA:202,(anonymous_7)
FNDA:0,(anonymous_8)
FNDA:177,(anonymous_9)
FNDA:51,(anonymous_10)
FNDA:62,(anonymous_11)
FNDA:62,(anonymous_12)
FNDA:63,(anonymous_13)
FNDA:0,(anonymous_14)
FNDA:0,(anonymous_15)
FNDA:0,(anonymous_16)
FNDA:0,(anonymous_17)
FNDA:0,(anonymous_18)
FNDA:15,(anonymous_19)
FNDA:0,(anonymous_20)
DA:10,1
DA:12,1
DA:13,1
DA:17,160
DA:18,160
DA:19,160
DA:24,35
DA:25,35
DA:28,35
DA:31,35
DA:32,21
DA:34,21
DA:36,21
DA:43,21
DA:45,21
DA:46,81
DA:47,81
DA:48,81
DA:50,81
DA:51,81
DA:52,81
DA:56,21
DA:59,35
DA:60,35
DA:65,17
DA:74,17
DA:76,17
DA:79,15
DA:80,15
DA:82,15
DA:83,15
DA:87,15
DA:90,15
DA:92,15
DA:94,16
DA:95,16
DA:97,16
DA:98,0
DA:99,0
DA:105,16
DA:106,16
DA:113,0
DA:114,0
DA:123,15
DA:125,15
DA:128,2
DA:129,2
DA:135,0
DA:136,0
DA:137,0
DA:140,0
DA:141,0
DA:142,0
DA:145,0
DA:146,0
DA:147,0
DA:148,0
DA:151,0
DA:153,0
DA:157,0
DA:162,99
DA:165,99
DA:166,45
DA:173,54
DA:174,9
DA:181,45
DA:182,6
DA:188,39
DA:189,39
DA:192,39
DA:193,234
DA:194,7
DA:198,39
DA:199,7
DA:206,32
DA:208,32
DA:210,32
DA:211,32
DA:212,32
DA:213,32
DA:214,32
DA:215,32
DA:218,32
DA:219,2
DA:225,30
DA:226,1
DA:233,29
DA:234,29
DA:235,202
DA:238,29
DA:239,4
DA:245,25
DA:246,0
DA:253,25
DA:254,2
DA:261,23
DA:262,23
DA:264,23
DA:265,3
DA:272,20
DA:279,20
DA:280,14
DA:287,6
DA:293,6
DA:294,1
DA:301,5
DA:306,5
DA:307,1
DA:314,4
DA:315,4
DA:317,4
DA:318,0
DA:322,4
DA:332,4
DA:333,4
DA:334,4
DA:336,4
DA:343,0
DA:352,0
DA:353,0
DA:354,0
DA:357,0
DA:358,0
DA:362,0
DA:364,0
DA:368,177
DA:370,176
DA:380,51
DA:382,49
DA:384,62
DA:385,62
DA:389,63
DA:391,60
DA:394,60
DA:396,60
DA:397,55
DA:401,55
DA:402,55
DA:406,5
DA:407,5
DA:411,0
DA:413,0
DA:416,0
DA:425,0
DA:432,0
DA:436,0
DA:437,0
DA:439,0
DA:442,0
DA:443,0
DA:445,0
DA:446,0
DA:447,0
DA:449,0
DA:453,0
DA:454,0
DA:457,0
DA:460,0
DA:463,0
DA:464,0
DA:467,0
DA:468,0
DA:472,0
DA:473,0
DA:476,0
DA:477,0
DA:479,0
DA:485,15
DA:486,15
DA:490,15
DA:491,0
DA:495,15
DA:496,0
DA:497,0
DA:502,15
DA:503,15
DA:504,0
DA:505,0
DA:506,0
LF:179
LH:119
BRDA:48,0,0,81
BRDA:48,0,1,1
BRDA:48,0,2,1
BRDA:48,0,3,1
BRDA:48,0,4,0
BRDA:50,1,0,81
BRDA:50,1,1,0
BRDA:87,2,0,0
BRDA:87,2,1,15
BRDA:97,3,0,0
BRDA:97,3,1,16
BRDA:109,4,0,16
BRDA:109,4,1,16
BRDA:141,5,0,0
BRDA:141,5,1,0
BRDA:146,6,0,0
BRDA:146,6,1,0
BRDA:165,7,0,45
BRDA:165,7,1,54
BRDA:165,8,0,99
BRDA:165,8,1,47
BRDA:173,9,0,9
BRDA:173,9,1,45
BRDA:173,10,0,54
BRDA:173,10,1,52
BRDA:173,10,2,45
BRDA:181,11,0,6
BRDA:181,11,1,39
BRDA:181,12,0,45
BRDA:181,12,1,45
BRDA:181,12,2,39
BRDA:193,13,0,7
BRDA:193,13,1,227
BRDA:193,14,0,234
BRDA:193,14,1,234
BRDA:193,14,2,227
BRDA:198,15,0,7
BRDA:198,15,1,32
BRDA:212,16,0,32
BRDA:212,16,1,2
BRDA:218,17,0,2
BRDA:218,17,1,30
BRDA:218,18,0,32
BRDA:218,18,1,32
BRDA:225,19,0,1
BRDA:225,19,1,29
BRDA:225,20,0,30
BRDA:225,20,1,30
BRDA:238,21,0,4
BRDA:238,21,1,25
BRDA:245,22,0,0
BRDA:245,22,1,25
BRDA:245,23,0,25
BRDA:245,23,1,25
BRDA:253,24,0,2
BRDA:253,24,1,23
BRDA:253,25,0,25
BRDA:253,25,1,25
BRDA:253,25,2,25
BRDA:256,26,0,2
BRDA:256,26,1,0
BRDA:264,27,0,3
BRDA:264,27,1,20
BRDA:264,28,0,23
BRDA:264,28,1,21
BRDA:264,28,2,21
BRDA:279,29,0,14
BRDA:279,29,1,6
BRDA:293,30,0,1
BRDA:293,30,1,5
BRDA:306,31,0,1
BRDA:306,31,1,4
BRDA:317,32,0,0
BRDA:317,32,1,4
BRDA:317,33,0,4
BRDA:317,33,1,0
BRDA:324,34,0,4
BRDA:324,34,1,0
BRDA:357,35,0,0
BRDA:357,35,1,0
BRDA:368,36,0,1
BRDA:368,36,1,176
BRDA:380,37,0,2
BRDA:380,37,1,49
BRDA:389,38,0,3
BRDA:389,38,1,60
BRDA:396,39,0,55
BRDA:396,39,1,5
BRDA:411,40,0,0
BRDA:411,40,1,0
BRDA:446,41,0,0
BRDA:446,41,1,0
BRDA:467,42,0,0
BRDA:467,42,1,0
BRDA:476,43,0,0
BRDA:476,43,1,0
BRDA:485,44,0,15
BRDA:485,44,1,0
BRDA:490,45,0,0
BRDA:490,45,1,15
BRDA:490,46,0,15
BRDA:490,46,1,0
BRDA:496,47,0,0
BRDA:496,47,1,0
BRDA:503,48,0,0
BRDA:503,48,1,15
BRDA:505,49,0,0
BRDA:505,49,1,0
BRF:108
BRH:77
end_of_record
TN:
SF:src\services\EditionsService.js
FN:7,get
FN:14,getById
FN:23,create
FN:37,update
FN:60,destroy
FN:73,searchByName
FN:84,searchEditions
FNF:7
FNH:7
FNDA:1,get
FNDA:2,getById
FNDA:2,create
FNDA:3,update
FNDA:2,destroy
FNDA:1,searchByName
FNDA:2,searchEditions
DA:8,1
DA:15,2
DA:19,2
DA:20,1
DA:25,2
DA:30,2
DA:31,1
DA:34,1
DA:38,3
DA:39,3
DA:42,2
DA:43,1
DA:44,1
DA:46,1
DA:52,1
DA:53,1
DA:57,1
DA:61,2
DA:62,2
DA:65,1
DA:66,1
DA:69,1
DA:70,1
DA:74,1
DA:75,1
DA:77,1
DA:85,2
DA:86,1
DA:92,1
DA:93,1
DA:117,1
DA:118,1
LF:32
LH:32
BRDA:19,0,0,1
BRDA:19,0,1,1
BRDA:30,1,0,1
BRDA:30,1,1,1
BRDA:39,2,0,1
BRDA:39,2,1,2
BRDA:42,3,0,1
BRDA:42,3,1,1
BRDA:42,4,0,2
BRDA:42,4,1,1
BRDA:43,5,0,1
BRDA:43,5,1,0
BRDA:44,6,0,1
BRDA:44,6,1,0
BRDA:52,7,0,1
BRDA:52,7,1,0
BRDA:62,8,0,1
BRDA:62,8,1,1
BRDA:75,9,0,1
BRDA:75,9,1,0
BRDA:84,10,0,0
BRDA:85,11,0,1
BRDA:85,11,1,1
BRF:23
BRH:18
end_of_record
TN:
SF:src\services\EventsService.js
FN:16,get
FN:38,getById
FN:44,create
FN:49,update
FN:56,destroy
FN:62,(anonymous_5)
FN:81,searchByName
FN:88,searchEvents
FNF:8
FNH:6
FNDA:1,get
FNDA:2,getById
FNDA:1,create
FNDA:2,update
FNDA:1,destroy
FNDA:2,(anonymous_5)
FNDA:0,searchByName
FNDA:0,searchEvents
DA:17,1
DA:39,2
DA:40,2
DA:41,1
DA:45,1
DA:46,1
DA:50,2
DA:51,2
DA:53,1
DA:57,1
DA:58,1
DA:61,1
DA:62,2
DA:64,1
DA:67,1
DA:68,1
DA:69,1
DA:73,1
DA:74,1
DA:77,1
DA:78,1
DA:82,0
DA:83,0
DA:85,0
DA:89,0
DA:90,0
DA:91,0
DA:92,0
DA:94,0
LF:29
LH:21
BRDA:40,0,0,1
BRDA:40,0,1,1
BRDA:51,1,0,1
BRDA:51,1,1,1
BRDA:58,2,0,0
BRDA:58,2,1,1
BRDA:67,3,0,1
BRDA:67,3,1,0
BRDA:83,4,0,0
BRDA:83,4,1,0
BRDA:90,5,0,0
BRDA:90,5,1,0
BRF:12
BRH:6
end_of_record
TN:
SF:src\services\SessionService.js
FN:8,processLogin
FN:50,processRefreshToken
FN:104,deleteUserToken
FNF:3
FNH:3
FNDA:5,processLogin
FNDA:7,processRefreshToken
FNDA:3,deleteUserToken
DA:9,5
DA:14,5
DA:18,4
DA:20,4
DA:23,3
DA:24,1
DA:29,1
DA:30,1
DA:35,3
DA:38,3
DA:41,3
DA:42,3
DA:47,3
DA:51,7
DA:53,7
DA:55,4
DA:56,4
DA:58,4
DA:59,4
DA:61,4
DA:62,1
DA:66,1
DA:67,0
DA:69,1
DA:73,3
DA:74,1
DA:77,2
DA:78,2
DA:81,1
DA:88,1
DA:91,1
DA:94,1
DA:95,1
DA:101,1
DA:105,3
LF:35
LH:34
BRDA:14,0,0,1
BRDA:14,0,1,4
BRDA:20,1,0,1
BRDA:20,1,1,3
BRDA:23,2,0,1
BRDA:23,2,1,2
BRDA:29,3,0,1
BRDA:29,3,1,0
BRDA:53,4,0,3
BRDA:53,4,1,4
BRDA:61,5,0,1
BRDA:61,5,1,3
BRDA:66,6,0,0
BRDA:66,6,1,1
BRDA:73,7,0,1
BRDA:73,7,1,2
BRDA:73,8,0,3
BRDA:73,8,1,2
BRDA:78,9,0,1
BRDA:78,9,1,1
BRF:20
BRH:18
end_of_record
TN:
SF:src\services\UserService.js
FN:4,get
FN:8,getById
FN:17,create
FN:53,update
FN:66,destroy
FNF:5
FNH:5
FNDA:1,get
FNDA:2,getById
FNDA:3,create
FNDA:2,update
FNDA:2,destroy
DA:5,1
DA:9,2
DA:10,2
DA:12,1
DA:19,3
DA:20,3
DA:21,1
DA:25,2
DA:26,1
DA:30,1
DA:33,1
DA:35,1
DA:42,1
DA:50,1
DA:54,2
DA:55,2
DA:58,1
DA:59,1
DA:62,1
DA:63,1
DA:67,2
DA:68,2
DA:70,1
LF:23
LH:23
BRDA:10,0,0,1
BRDA:10,0,1,1
BRDA:17,1,0,2
BRDA:20,2,0,1
BRDA:20,2,1,2
BRDA:25,3,0,1
BRDA:25,3,1,1
BRDA:25,4,0,2
BRDA:25,4,1,1
BRDA:25,4,2,0
BRDA:55,5,0,1
BRDA:55,5,1,1
BRDA:58,6,0,1
BRDA:58,6,1,0
BRDA:68,7,0,1
BRDA:68,7,1,1
BRF:16
BRH:14
end_of_record
TN:
SF:src\utils\general\constants.js
FNF:0
FNH:0
DA:2,11
DA:9,11
DA:17,11
DA:27,11
DA:33,11
LF:5
LH:5
BRF:0
BRH:0
end_of_record
TN:
SF:src\utils\general\convertStringToRegexp.js
FN:1,convertStringToRegexp
FNF:1
FNH:1
FNDA:4,convertStringToRegexp
DA:2,4
DA:8,4
DA:18,4
LF:3
LH:3
BRF:0
BRH:0
end_of_record
TN:
SF:src\utils\general\formatExpiresAt.js
FN:1,formatExpiresAt
FNF:1
FNH:1
FNDA:4,formatExpiresAt
DA:2,4
DA:3,4
LF:2
LH:2
BRF:0
BRH:0
end_of_record
TN:
SF:src\utils\libs\bcrypt.js
FN:3,hashPassword
FN:21,comparePasswords
FNF:2
FNH:2
FNDA:11,hashPassword
FNDA:4,comparePasswords
DA:4,11
DA:6,11
DA:11,11
DA:12,11
DA:14,11
DA:18,11
DA:22,4
DA:29,4
LF:8
LH:8
BRF:0
BRH:0
end_of_record
TN:
SF:src\utils\libs\emailService.js
FN:3,sendArticleNotificationEmail
FNF:1
FNH:1
FNDA:3,sendArticleNotificationEmail
DA:10,3
DA:12,3
DA:16,3
DA:17,0
DA:18,0
DA:20,0
DA:28,0
DA:31,3
DA:32,3
DA:33,3
DA:35,3
DA:45,3
DA:48,3
DA:113,3
DA:115,3
DA:116,3
DA:117,3
DA:118,3
DA:120,3
DA:122,2
DA:123,2
DA:125,2
DA:126,0
DA:127,0
DA:129,2
DA:130,2
DA:133,2
DA:140,1
DA:141,1
DA:144,1
DA:145,1
DA:146,1
DA:147,1
DA:148,1
DA:149,1
DA:150,1
DA:152,1
LF:37
LH:31
BRDA:16,0,0,0
BRDA:16,0,1,3
BRDA:16,1,0,3
BRDA:16,1,1,0
BRDA:49,2,0,3
BRDA:49,2,1,3
BRDA:113,3,0,3
BRDA:113,3,1,0
BRDA:115,4,0,0
BRDA:115,4,1,3
BRDA:118,5,0,0
BRDA:118,5,1,3
BRDA:125,6,0,0
BRDA:125,6,1,2
BRF:14
BRH:8
end_of_record
TN:
SF:src\utils\libs\jwt.js
FN:3,signSessionJwts
FN:19,signConfirmEmailJwt
FN:29,signForgotPasswordJwt
FN:40,decodeRefreshToken
FN:41,(anonymous_4)
FN:42,(anonymous_5)
FN:48,decodeAccessToken
FN:49,(anonymous_7)
FN:50,(anonymous_8)
FN:56,decodeConfirmEmailToken
FN:57,(anonymous_10)
FN:58,(anonymous_11)
FN:64,decodeForgotPasswordToken
FN:65,(anonymous_13)
FN:66,(anonymous_14)
FNF:15
FNH:15
FNDA:16,signSessionJwts
FNDA:7,signConfirmEmailJwt
FNDA:6,signForgotPasswordJwt
FNDA:11,decodeRefreshToken
FNDA:11,(anonymous_4)
FNDA:11,(anonymous_5)
FNDA:6,decodeAccessToken
FNDA:6,(anonymous_7)
FNDA:6,(anonymous_8)
FNDA:5,decodeConfirmEmailToken
FNDA:5,(anonymous_10)
FNDA:5,(anonymous_11)
FNDA:8,decodeForgotPasswordToken
FNDA:8,(anonymous_13)
FNDA:8,(anonymous_14)
DA:4,16
DA:11,16
DA:17,16
DA:20,7
DA:27,7
DA:30,6
DA:37,6
DA:41,11
DA:42,11
DA:43,11
DA:44,7
DA:49,6
DA:50,6
DA:51,6
DA:52,2
DA:57,5
DA:58,5
DA:59,5
DA:60,2
DA:65,8
DA:66,8
DA:67,8
DA:68,4
LF:23
LH:23
BRDA:43,0,0,4
BRDA:43,0,1,7
BRDA:51,1,0,4
BRDA:51,1,1,2
BRDA:59,2,0,3
BRDA:59,2,1,2
BRDA:67,3,0,4
BRDA:67,3,1,4
BRF:8
BRH:8
end_of_record
